This file contains any messages produced by compilers while
running configure, to aid debugging if configure makes a mistake.

It was created by libbson configure 1.6.1, which was
generated by GNU Autoconf 2.69.  Invocation command line was

  $ ./configure --enable-statis --enable-shared

## --------- ##
## Platform. ##
## --------- ##

hostname = pan-pc
uname -m = x86_64
uname -r = 4.8.0-30-generic
uname -s = Linux
uname -v = #32-Ubuntu SMP Fri Dec 2 03:43:27 UTC 2016

/usr/bin/uname -p = unknown
/bin/uname -X     = unknown

/bin/arch              = unknown
/usr/bin/arch -k       = unknown
/usr/convex/getsysinfo = unknown
/usr/bin/hostinfo      = unknown
/bin/machine           = unknown
/usr/bin/oslevel       = unknown
/bin/universe          = unknown

PATH: /usr/local/sbin
PATH: /usr/local/bin
PATH: /usr/sbin
PATH: /usr/bin
PATH: /sbin
PATH: /bin
PATH: /snap/bin


## ----------- ##
## Core tests. ##
## ----------- ##

configure:2436: Current version (from VERSION_CURRENT file): 1.6.1
configure:2547: checking for gcc
configure:2563: found /usr/bin/gcc
configure:2574: result: gcc
configure:2803: checking for C compiler version
configure:2812: gcc --version >&5
gcc (Ubuntu 6.2.0-5ubuntu12) 6.2.0 20161005
Copyright (C) 2016 Free Software Foundation, Inc.
This is free software; see the source for copying conditions.  There is NO
warranty; not even for MERCHANTABILITY or FITNESS FOR A PARTICULAR PURPOSE.

configure:2823: $? = 0
configure:2812: gcc -v >&5
Using built-in specs.
COLLECT_GCC=gcc
COLLECT_LTO_WRAPPER=/usr/lib/gcc/x86_64-linux-gnu/6/lto-wrapper
Target: x86_64-linux-gnu
Configured with: ../src/configure -v --with-pkgversion='Ubuntu 6.2.0-5ubuntu12' --with-bugurl=file:///usr/share/doc/gcc-6/README.Bugs --enable-languages=c,ada,c++,java,go,d,fortran,objc,obj-c++ --prefix=/usr --program-suffix=-6 --program-prefix=x86_64-linux-gnu- --enable-shared --enable-linker-build-id --libexecdir=/usr/lib --without-included-gettext --enable-threads=posix --libdir=/usr/lib --enable-nls --with-sysroot=/ --enable-clocale=gnu --enable-libstdcxx-debug --enable-libstdcxx-time=yes --with-default-libstdcxx-abi=new --enable-gnu-unique-object --disable-vtable-verify --enable-libmpx --enable-plugin --enable-default-pie --with-system-zlib --disable-browser-plugin --enable-java-awt=gtk --enable-gtk-cairo --with-java-home=/usr/lib/jvm/java-1.5.0-gcj-6-amd64/jre --enable-java-home --with-jvm-root-dir=/usr/lib/jvm/java-1.5.0-gcj-6-amd64 --with-jvm-jar-dir=/usr/lib/jvm-exports/java-1.5.0-gcj-6-amd64 --with-arch-directory=amd64 --with-ecj-jar=/usr/share/java/eclipse-ecj.jar --enable-objc-gc --enable-multiarch --disable-werror --with-arch-32=i686 --with-abi=m64 --with-multilib-list=m32,m64,mx32 --enable-multilib --with-tune=generic --enable-checking=release --build=x86_64-linux-gnu --host=x86_64-linux-gnu --target=x86_64-linux-gnu
Thread model: posix
gcc version 6.2.0 20161005 (Ubuntu 6.2.0-5ubuntu12) 
configure:2823: $? = 0
configure:2812: gcc -V >&5
gcc: error: unrecognized command line option '-V'
gcc: fatal error: no input files
compilation terminated.
configure:2823: $? = 1
configure:2812: gcc -qversion >&5
gcc: error: unrecognized command line option '-qversion'; did you mean '--version'?
gcc: fatal error: no input files
compilation terminated.
configure:2823: $? = 1
configure:2843: checking whether the C compiler works
configure:2865: gcc    conftest.c  >&5
configure:2869: $? = 0
configure:2917: result: yes
configure:2920: checking for C compiler default output file name
configure:2922: result: a.out
configure:2928: checking for suffix of executables
configure:2935: gcc -o conftest    conftest.c  >&5
configure:2939: $? = 0
configure:2961: result: 
configure:2983: checking whether we are cross compiling
configure:2991: gcc -o conftest    conftest.c  >&5
configure:2995: $? = 0
configure:3002: ./conftest
configure:3006: $? = 0
configure:3021: result: no
configure:3026: checking for suffix of object files
configure:3048: gcc -c   conftest.c >&5
configure:3052: $? = 0
configure:3073: result: o
configure:3077: checking whether we are using the GNU C compiler
configure:3096: gcc -c   conftest.c >&5
configure:3096: $? = 0
configure:3105: result: yes
configure:3114: checking whether gcc accepts -g
configure:3134: gcc -c -g  conftest.c >&5
configure:3134: $? = 0
configure:3175: result: yes
configure:3192: checking for gcc option to accept ISO C89
configure:3255: gcc  -c   conftest.c >&5
configure:3255: $? = 0
configure:3268: result: none needed
configure:3296: checking whether gcc understands -c and -o together
configure:3318: gcc -c conftest.c -o conftest2.o
configure:3321: $? = 0
configure:3318: gcc -c conftest.c -o conftest2.o
configure:3321: $? = 0
configure:3333: result: yes
configure:3408: checking for g++
configure:3424: found /usr/bin/g++
configure:3435: result: g++
configure:3462: checking for C++ compiler version
configure:3471: g++ --version >&5
g++ (Ubuntu 6.2.0-5ubuntu12) 6.2.0 20161005
Copyright (C) 2016 Free Software Foundation, Inc.
This is free software; see the source for copying conditions.  There is NO
warranty; not even for MERCHANTABILITY or FITNESS FOR A PARTICULAR PURPOSE.

configure:3482: $? = 0
configure:3471: g++ -v >&5
Using built-in specs.
COLLECT_GCC=g++
COLLECT_LTO_WRAPPER=/usr/lib/gcc/x86_64-linux-gnu/6/lto-wrapper
Target: x86_64-linux-gnu
Configured with: ../src/configure -v --with-pkgversion='Ubuntu 6.2.0-5ubuntu12' --with-bugurl=file:///usr/share/doc/gcc-6/README.Bugs --enable-languages=c,ada,c++,java,go,d,fortran,objc,obj-c++ --prefix=/usr --program-suffix=-6 --program-prefix=x86_64-linux-gnu- --enable-shared --enable-linker-build-id --libexecdir=/usr/lib --without-included-gettext --enable-threads=posix --libdir=/usr/lib --enable-nls --with-sysroot=/ --enable-clocale=gnu --enable-libstdcxx-debug --enable-libstdcxx-time=yes --with-default-libstdcxx-abi=new --enable-gnu-unique-object --disable-vtable-verify --enable-libmpx --enable-plugin --enable-default-pie --with-system-zlib --disable-browser-plugin --enable-java-awt=gtk --enable-gtk-cairo --with-java-home=/usr/lib/jvm/java-1.5.0-gcj-6-amd64/jre --enable-java-home --with-jvm-root-dir=/usr/lib/jvm/java-1.5.0-gcj-6-amd64 --with-jvm-jar-dir=/usr/lib/jvm-exports/java-1.5.0-gcj-6-amd64 --with-arch-directory=amd64 --with-ecj-jar=/usr/share/java/eclipse-ecj.jar --enable-objc-gc --enable-multiarch --disable-werror --with-arch-32=i686 --with-abi=m64 --with-multilib-list=m32,m64,mx32 --enable-multilib --with-tune=generic --enable-checking=release --build=x86_64-linux-gnu --host=x86_64-linux-gnu --target=x86_64-linux-gnu
Thread model: posix
gcc version 6.2.0 20161005 (Ubuntu 6.2.0-5ubuntu12) 
configure:3482: $? = 0
configure:3471: g++ -V >&5
g++: error: unrecognized command line option '-V'
g++: fatal error: no input files
compilation terminated.
configure:3482: $? = 1
configure:3471: g++ -qversion >&5
g++: error: unrecognized command line option '-qversion'; did you mean '--version'?
g++: fatal error: no input files
compilation terminated.
configure:3482: $? = 1
configure:3486: checking whether we are using the GNU C++ compiler
configure:3505: g++ -c   conftest.cpp >&5
configure:3505: $? = 0
configure:3514: result: yes
configure:3523: checking whether g++ accepts -g
configure:3543: g++ -c -g  conftest.cpp >&5
configure:3543: $? = 0
configure:3584: result: yes
configure:3640: gcc -c   conftest.c >&5
configure:3640: $? = 0
configure:3664: gcc -c   conftest.c >&5
configure:3664: $? = 0
configure:3683: gcc -c   conftest.c >&5
conftest.c:11:2: error: #error Not a supported Sun compiler
 #error Not a supported Sun compiler
  ^~~~~
configure:3683: $? = 1
configure: failed program was:
| /* confdefs.h */
| #define PACKAGE_NAME "libbson"
| #define PACKAGE_TARNAME "libbson"
| #define PACKAGE_VERSION "1.6.1"
| #define PACKAGE_STRING "libbson 1.6.1"
| #define PACKAGE_BUGREPORT "https://jira.mongodb.org/browse/CDRIVER"
| #define PACKAGE_URL ""
| /* end confdefs.h.  */
| 
| #if !(defined(__SUNPRO_C))
| #error Not a supported Sun compiler
| #endif
| 
| int
| main ()
| {
| 
|   ;
|   return 0;
| }
configure:3716: gcc -c   conftest.c >&5
configure:3716: $? = 0
configure:3724: checking for an ANSI C-conforming const
configure:3790: gcc -c   conftest.c >&5
configure:3790: $? = 0
configure:3797: result: yes
configure:3805: checking for inline
configure:3821: gcc -c   conftest.c >&5
configure:3821: $? = 0
configure:3829: result: inline
configure:3848: checking for typeof syntax and keyword spelling
configure:3879: gcc -c   conftest.c >&5
configure:3879: $? = 0
configure:3886: result: typeof
configure:3907: checking how to run the C preprocessor
configure:3938: gcc -E  conftest.c
configure:3938: $? = 0
configure:3952: gcc -E  conftest.c
conftest.c:10:28: fatal error: ac_nonexistent.h: No such file or directory
 #include <ac_nonexistent.h>
                            ^
compilation terminated.
configure:3952: $? = 1
configure: failed program was:
| /* confdefs.h */
| #define PACKAGE_NAME "libbson"
| #define PACKAGE_TARNAME "libbson"
| #define PACKAGE_VERSION "1.6.1"
| #define PACKAGE_STRING "libbson 1.6.1"
| #define PACKAGE_BUGREPORT "https://jira.mongodb.org/browse/CDRIVER"
| #define PACKAGE_URL ""
| #define HAVE_TYPEOF 1
| /* end confdefs.h.  */
| #include <ac_nonexistent.h>
configure:3977: result: gcc -E
configure:3997: gcc -E  conftest.c
configure:3997: $? = 0
configure:4011: gcc -E  conftest.c
conftest.c:10:28: fatal error: ac_nonexistent.h: No such file or directory
 #include <ac_nonexistent.h>
                            ^
compilation terminated.
configure:4011: $? = 1
configure: failed program was:
| /* confdefs.h */
| #define PACKAGE_NAME "libbson"
| #define PACKAGE_TARNAME "libbson"
| #define PACKAGE_VERSION "1.6.1"
| #define PACKAGE_STRING "libbson 1.6.1"
| #define PACKAGE_BUGREPORT "https://jira.mongodb.org/browse/CDRIVER"
| #define PACKAGE_URL ""
| #define HAVE_TYPEOF 1
| /* end confdefs.h.  */
| #include <ac_nonexistent.h>
configure:4040: checking for grep that handles long lines and -e
configure:4098: result: /bin/grep
configure:4103: checking for egrep
configure:4165: result: /bin/grep -E
configure:4170: checking for ANSI C header files
configure:4190: gcc -c   conftest.c >&5
configure:4190: $? = 0
configure:4263: gcc -o conftest    conftest.c  >&5
configure:4263: $? = 0
configure:4263: ./conftest
configure:4263: $? = 0
configure:4274: result: yes
configure:4287: checking for sys/types.h
configure:4287: gcc -c   conftest.c >&5
configure:4287: $? = 0
configure:4287: result: yes
configure:4287: checking for sys/stat.h
configure:4287: gcc -c   conftest.c >&5
configure:4287: $? = 0
configure:4287: result: yes
configure:4287: checking for stdlib.h
configure:4287: gcc -c   conftest.c >&5
configure:4287: $? = 0
configure:4287: result: yes
configure:4287: checking for string.h
configure:4287: gcc -c   conftest.c >&5
configure:4287: $? = 0
configure:4287: result: yes
configure:4287: checking for memory.h
configure:4287: gcc -c   conftest.c >&5
configure:4287: $? = 0
configure:4287: result: yes
configure:4287: checking for strings.h
configure:4287: gcc -c   conftest.c >&5
configure:4287: $? = 0
configure:4287: result: yes
configure:4287: checking for inttypes.h
configure:4287: gcc -c   conftest.c >&5
configure:4287: $? = 0
configure:4287: result: yes
configure:4287: checking for stdint.h
configure:4287: gcc -c   conftest.c >&5
configure:4287: $? = 0
configure:4287: result: yes
configure:4287: checking for unistd.h
configure:4287: gcc -c   conftest.c >&5
configure:4287: $? = 0
configure:4287: result: yes
configure:4299: checking for stdbool.h that conforms to C99
configure:4366: gcc -c   conftest.c >&5
configure:4366: $? = 0
configure:4373: result: yes
configure:4375: checking for _Bool
configure:4375: gcc -c   conftest.c >&5
configure:4375: $? = 0
configure:4375: gcc -c   conftest.c >&5
conftest.c: In function 'main':
conftest.c:56:20: error: expected expression before ')' token
 if (sizeof ((_Bool)))
                    ^
configure:4375: $? = 1
configure: failed program was:
| /* confdefs.h */
| #define PACKAGE_NAME "libbson"
| #define PACKAGE_TARNAME "libbson"
| #define PACKAGE_VERSION "1.6.1"
| #define PACKAGE_STRING "libbson 1.6.1"
| #define PACKAGE_BUGREPORT "https://jira.mongodb.org/browse/CDRIVER"
| #define PACKAGE_URL ""
| #define HAVE_TYPEOF 1
| #define STDC_HEADERS 1
| #define HAVE_SYS_TYPES_H 1
| #define HAVE_SYS_STAT_H 1
| #define HAVE_STDLIB_H 1
| #define HAVE_STRING_H 1
| #define HAVE_MEMORY_H 1
| #define HAVE_STRINGS_H 1
| #define HAVE_INTTYPES_H 1
| #define HAVE_STDINT_H 1
| #define HAVE_UNISTD_H 1
| /* end confdefs.h.  */
| #include <stdio.h>
| #ifdef HAVE_SYS_TYPES_H
| # include <sys/types.h>
| #endif
| #ifdef HAVE_SYS_STAT_H
| # include <sys/stat.h>
| #endif
| #ifdef STDC_HEADERS
| # include <stdlib.h>
| # include <stddef.h>
| #else
| # ifdef HAVE_STDLIB_H
| #  include <stdlib.h>
| # endif
| #endif
| #ifdef HAVE_STRING_H
| # if !defined STDC_HEADERS && defined HAVE_MEMORY_H
| #  include <memory.h>
| # endif
| # include <string.h>
| #endif
| #ifdef HAVE_STRINGS_H
| # include <strings.h>
| #endif
| #ifdef HAVE_INTTYPES_H
| # include <inttypes.h>
| #endif
| #ifdef HAVE_STDINT_H
| # include <stdint.h>
| #endif
| #ifdef HAVE_UNISTD_H
| # include <unistd.h>
| #endif
| int
| main ()
| {
| if (sizeof ((_Bool)))
| 	    return 0;
|   ;
|   return 0;
| }
configure:4375: result: yes
configure:4400: checking for stdint-types....
configure:4410: result: "(putting them into src/bson/bson-stdint.h)"
configure:4424: checking for uintptr_t
configure:4424: gcc -c   conftest.c >&5
configure:4424: $? = 0
configure:4424: gcc -c   conftest.c >&5
conftest.c: In function 'main':
conftest.c:27:24: error: expected expression before ')' token
 if (sizeof ((uintptr_t)))
                        ^
configure:4424: $? = 1
configure: failed program was:
| /* confdefs.h */
| #define PACKAGE_NAME "libbson"
| #define PACKAGE_TARNAME "libbson"
| #define PACKAGE_VERSION "1.6.1"
| #define PACKAGE_STRING "libbson 1.6.1"
| #define PACKAGE_BUGREPORT "https://jira.mongodb.org/browse/CDRIVER"
| #define PACKAGE_URL ""
| #define HAVE_TYPEOF 1
| #define STDC_HEADERS 1
| #define HAVE_SYS_TYPES_H 1
| #define HAVE_SYS_STAT_H 1
| #define HAVE_STDLIB_H 1
| #define HAVE_STRING_H 1
| #define HAVE_MEMORY_H 1
| #define HAVE_STRINGS_H 1
| #define HAVE_INTTYPES_H 1
| #define HAVE_STDINT_H 1
| #define HAVE_UNISTD_H 1
| #define HAVE__BOOL 1
| #define HAVE_STDBOOL_H 1
| /* end confdefs.h.  */
| #include <stdint.h>
| 
| int
| main ()
| {
| if (sizeof ((uintptr_t)))
| 	    return 0;
|   ;
|   return 0;
| }
configure:4424: result: yes
configure:4432: checking for uint64_t
configure:4432: gcc -c   conftest.c >&5
configure:4432: $? = 0
configure:4432: gcc -c   conftest.c >&5
conftest.c: In function 'main':
conftest.c:27:23: error: expected expression before ')' token
 if (sizeof ((uint64_t)))
                       ^
configure:4432: $? = 1
configure: failed program was:
| /* confdefs.h */
| #define PACKAGE_NAME "libbson"
| #define PACKAGE_TARNAME "libbson"
| #define PACKAGE_VERSION "1.6.1"
| #define PACKAGE_STRING "libbson 1.6.1"
| #define PACKAGE_BUGREPORT "https://jira.mongodb.org/browse/CDRIVER"
| #define PACKAGE_URL ""
| #define HAVE_TYPEOF 1
| #define STDC_HEADERS 1
| #define HAVE_SYS_TYPES_H 1
| #define HAVE_SYS_STAT_H 1
| #define HAVE_STDLIB_H 1
| #define HAVE_STRING_H 1
| #define HAVE_MEMORY_H 1
| #define HAVE_STRINGS_H 1
| #define HAVE_INTTYPES_H 1
| #define HAVE_STDINT_H 1
| #define HAVE_UNISTD_H 1
| #define HAVE__BOOL 1
| #define HAVE_STDBOOL_H 1
| /* end confdefs.h.  */
| #include<stdint.h>
| 
| int
| main ()
| {
| if (sizeof ((uint64_t)))
| 	    return 0;
|   ;
|   return 0;
| }
configure:4432: result: yes
configure:4440: result: ... seen our uintptr_t in stdint.h (uint64_t too)
configure:4705: result: creating src/bson/bson-stdint.h : _SRC_BSON_BSON_STDINT_H
configure:4732: checking for int_least32_t
configure:4732: gcc -c   conftest.c >&5
configure:4732: $? = 0
configure:4732: gcc -c   conftest.c >&5
conftest.c: In function 'main':
conftest.c:27:28: error: expected expression before ')' token
 if (sizeof ((int_least32_t)))
                            ^
configure:4732: $? = 1
configure: failed program was:
| /* confdefs.h */
| #define PACKAGE_NAME "libbson"
| #define PACKAGE_TARNAME "libbson"
| #define PACKAGE_VERSION "1.6.1"
| #define PACKAGE_STRING "libbson 1.6.1"
| #define PACKAGE_BUGREPORT "https://jira.mongodb.org/browse/CDRIVER"
| #define PACKAGE_URL ""
| #define HAVE_TYPEOF 1
| #define STDC_HEADERS 1
| #define HAVE_SYS_TYPES_H 1
| #define HAVE_SYS_STAT_H 1
| #define HAVE_STDLIB_H 1
| #define HAVE_STRING_H 1
| #define HAVE_MEMORY_H 1
| #define HAVE_STRINGS_H 1
| #define HAVE_INTTYPES_H 1
| #define HAVE_STDINT_H 1
| #define HAVE_UNISTD_H 1
| #define HAVE__BOOL 1
| #define HAVE_STDBOOL_H 1
| /* end confdefs.h.  */
| #include <stdint.h>
| 
| int
| main ()
| {
| if (sizeof ((int_least32_t)))
| 	    return 0;
|   ;
|   return 0;
| }
configure:4732: result: yes
configure:4738: checking for int_fast32_t
configure:4738: gcc -c   conftest.c >&5
configure:4738: $? = 0
configure:4738: gcc -c   conftest.c >&5
conftest.c: In function 'main':
conftest.c:27:27: error: expected expression before ')' token
 if (sizeof ((int_fast32_t)))
                           ^
configure:4738: $? = 1
configure: failed program was:
| /* confdefs.h */
| #define PACKAGE_NAME "libbson"
| #define PACKAGE_TARNAME "libbson"
| #define PACKAGE_VERSION "1.6.1"
| #define PACKAGE_STRING "libbson 1.6.1"
| #define PACKAGE_BUGREPORT "https://jira.mongodb.org/browse/CDRIVER"
| #define PACKAGE_URL ""
| #define HAVE_TYPEOF 1
| #define STDC_HEADERS 1
| #define HAVE_SYS_TYPES_H 1
| #define HAVE_SYS_STAT_H 1
| #define HAVE_STDLIB_H 1
| #define HAVE_STRING_H 1
| #define HAVE_MEMORY_H 1
| #define HAVE_STRINGS_H 1
| #define HAVE_INTTYPES_H 1
| #define HAVE_STDINT_H 1
| #define HAVE_UNISTD_H 1
| #define HAVE__BOOL 1
| #define HAVE_STDBOOL_H 1
| /* end confdefs.h.  */
| #include<stdint.h>
| 
| int
| main ()
| {
| if (sizeof ((int_fast32_t)))
| 	    return 0;
|   ;
|   return 0;
| }
configure:4738: result: yes
configure:4751: result: ..adding include stdint.h
configure:4761: result: ... seen good stdint.h inttypes
configure:4897: result: ... seen good uint64_t
configure:5117: result: ... DONE src/bson/bson-stdint.h
configure:5133: checking for strings.h
configure:5133: result: yes
configure:5150: checking for perl
configure:5168: found /usr/bin/perl
configure:5180: result: /usr/bin/perl
configure:5194: checking for mv
configure:5212: found /bin/mv
configure:5224: result: /bin/mv
configure:5238: checking for grep
configure:5268: result: /bin/grep
configure:5283: checking for sphinx-build
configure:5316: result: no
configure:5336: checking for a BSD-compatible install
configure:5404: result: /usr/bin/install -c
configure:5420: checking build system type
configure:5434: result: x86_64-unknown-linux-gnu
configure:5454: checking host system type
configure:5467: result: x86_64-unknown-linux-gnu
configure:5533: checking target system type
configure:5546: result: x86_64-unknown-linux-gnu
configure:5605: checking whether byte ordering is bigendian
configure:5620: gcc -c   conftest.c >&5
conftest.c:24:9: error: unknown type name 'not'
         not a universal capable compiler
         ^~~
conftest.c:24:15: error: expected '=', ',', ';', 'asm' or '__attribute__' before 'universal'
         not a universal capable compiler
               ^~~~~~~~~
conftest.c:24:15: error: unknown type name 'universal'
configure:5620: $? = 1
configure: failed program was:
| /* confdefs.h */
| #define PACKAGE_NAME "libbson"
| #define PACKAGE_TARNAME "libbson"
| #define PACKAGE_VERSION "1.6.1"
| #define PACKAGE_STRING "libbson 1.6.1"
| #define PACKAGE_BUGREPORT "https://jira.mongodb.org/browse/CDRIVER"
| #define PACKAGE_URL ""
| #define HAVE_TYPEOF 1
| #define STDC_HEADERS 1
| #define HAVE_SYS_TYPES_H 1
| #define HAVE_SYS_STAT_H 1
| #define HAVE_STDLIB_H 1
| #define HAVE_STRING_H 1
| #define HAVE_MEMORY_H 1
| #define HAVE_STRINGS_H 1
| #define HAVE_INTTYPES_H 1
| #define HAVE_STDINT_H 1
| #define HAVE_UNISTD_H 1
| #define HAVE__BOOL 1
| #define HAVE_STDBOOL_H 1
| #define HAVE_STRINGS_H 1
| /* end confdefs.h.  */
| #ifndef __APPLE_CC__
| 	       not a universal capable compiler
| 	     #endif
| 	     typedef int dummy;
| 
configure:5665: gcc -c   conftest.c >&5
configure:5665: $? = 0
configure:5683: gcc -c   conftest.c >&5
conftest.c: In function 'main':
conftest.c:30:4: error: unknown type name 'not'
    not big endian
    ^~~
conftest.c:30:12: error: expected '=', ',', ';', 'asm' or '__attribute__' before 'endian'
    not big endian
            ^~~~~~
configure:5683: $? = 1
configure: failed program was:
| /* confdefs.h */
| #define PACKAGE_NAME "libbson"
| #define PACKAGE_TARNAME "libbson"
| #define PACKAGE_VERSION "1.6.1"
| #define PACKAGE_STRING "libbson 1.6.1"
| #define PACKAGE_BUGREPORT "https://jira.mongodb.org/browse/CDRIVER"
| #define PACKAGE_URL ""
| #define HAVE_TYPEOF 1
| #define STDC_HEADERS 1
| #define HAVE_SYS_TYPES_H 1
| #define HAVE_SYS_STAT_H 1
| #define HAVE_STDLIB_H 1
| #define HAVE_STRING_H 1
| #define HAVE_MEMORY_H 1
| #define HAVE_STRINGS_H 1
| #define HAVE_INTTYPES_H 1
| #define HAVE_STDINT_H 1
| #define HAVE_UNISTD_H 1
| #define HAVE__BOOL 1
| #define HAVE_STDBOOL_H 1
| #define HAVE_STRINGS_H 1
| /* end confdefs.h.  */
| #include <sys/types.h>
| 		#include <sys/param.h>
| 
| int
| main ()
| {
| #if BYTE_ORDER != BIG_ENDIAN
| 		 not big endian
| 		#endif
| 
|   ;
|   return 0;
| }
configure:5811: result: no
configure:6220: checking how to print strings
configure:6247: result: printf
configure:6268: checking for a sed that does not truncate output
configure:6332: result: /bin/sed
configure:6350: checking for fgrep
configure:6412: result: /bin/grep -F
configure:6447: checking for ld used by gcc
configure:6514: result: /usr/bin/ld
configure:6521: checking if the linker (/usr/bin/ld) is GNU ld
configure:6536: result: yes
configure:6548: checking for BSD- or MS-compatible name lister (nm)
configure:6597: result: /usr/bin/nm -B
configure:6727: checking the name lister (/usr/bin/nm -B) interface
configure:6734: gcc -c   conftest.c >&5
configure:6737: /usr/bin/nm -B "conftest.o"
configure:6740: output
0000000000000000 B some_variable
configure:6747: result: BSD nm
configure:6750: checking whether ln -s works
configure:6754: result: yes
configure:6762: checking the maximum length of command line arguments
configure:6893: result: 1572864
configure:6910: checking whether the shell understands some XSI constructs
configure:6920: result: yes
configure:6924: checking whether the shell understands "+="
configure:6930: result: yes
configure:6965: checking how to convert x86_64-unknown-linux-gnu file names to x86_64-unknown-linux-gnu format
configure:7005: result: func_convert_file_noop
configure:7012: checking how to convert x86_64-unknown-linux-gnu file names to toolchain format
configure:7032: result: func_convert_file_noop
configure:7039: checking for /usr/bin/ld option to reload object files
configure:7046: result: -r
configure:7120: checking for objdump
configure:7147: result: objdump
configure:7176: checking how to recognize dependent libraries
configure:7374: result: pass_all
configure:7459: checking for dlltool
configure:7486: result: dlltool
configure:7516: checking how to associate runtime and link libraries
configure:7543: result: printf %s\n
configure:7603: checking for ar
configure:7619: found /usr/bin/ar
configure:7630: result: ar
configure:7667: checking for archiver @FILE support
configure:7684: gcc -c   conftest.c >&5
configure:7684: $? = 0
configure:7687: ar cru libconftest.a @conftest.lst >&5
ar: `u' modifier ignored since `D' is the default (see `U')
configure:7690: $? = 0
configure:7695: ar cru libconftest.a @conftest.lst >&5
ar: `u' modifier ignored since `D' is the default (see `U')
ar: conftest.o: No such file or directory
configure:7698: $? = 1
configure:7710: result: @
configure:7768: checking for strip
configure:7784: found /usr/bin/strip
configure:7795: result: strip
configure:7867: checking for ranlib
configure:7883: found /usr/bin/ranlib
configure:7894: result: ranlib
configure:7971: checking for gawk
configure:8001: result: no
configure:7971: checking for mawk
configure:7987: found /usr/bin/mawk
configure:7998: result: mawk
configure:8038: checking command to parse /usr/bin/nm -B output from gcc object
configure:8158: gcc -c   conftest.c >&5
configure:8161: $? = 0
configure:8165: /usr/bin/nm -B conftest.o \| sed -n -e 's/^.*[ ]\([ABCDGIRSTW][ABCDGIRSTW]*\)[ ][ ]*\([_A-Za-z][_A-Za-z0-9]*\)$/\1 \2 \2/p' | sed '/ __gnu_lto/d' \> conftest.nm
configure:8168: $? = 0
configure:8234: gcc -o conftest    conftest.c conftstm.o >&5
configure:8237: $? = 0
configure:8275: result: ok
configure:8312: checking for sysroot
configure:8342: result: no
configure:8419: gcc -c   conftest.c >&5
configure:8422: $? = 0
configure:8611: checking for mt
configure:8627: found /bin/mt
configure:8638: result: mt
configure:8661: checking if mt is a manifest tool
configure:8667: mt '-?'
configure:8675: result: no
configure:9314: checking for dlfcn.h
configure:9314: gcc -c   conftest.c >&5
configure:9314: $? = 0
configure:9314: result: yes
configure:9499: checking for objdir
configure:9514: result: .libs
configure:9785: checking if gcc supports -fno-rtti -fno-exceptions
configure:9803: gcc -c   -fno-rtti -fno-exceptions conftest.c >&5
cc1: warning: command line option '-fno-rtti' is valid for C++/ObjC++ but not for C
configure:9807: $? = 0
configure:9820: result: no
configure:10147: checking for gcc option to produce PIC
configure:10154: result: -fPIC -DPIC
configure:10162: checking if gcc PIC flag -fPIC -DPIC works
configure:10180: gcc -c   -fPIC -DPIC -DPIC conftest.c >&5
configure:10184: $? = 0
configure:10197: result: yes
configure:10226: checking if gcc static flag -static works
configure:10254: result: yes
configure:10269: checking if gcc supports -c -o file.o
configure:10290: gcc -c   -o out/conftest2.o conftest.c >&5
configure:10294: $? = 0
configure:10316: result: yes
configure:10324: checking if gcc supports -c -o file.o
configure:10371: result: yes
configure:10404: checking whether the gcc linker (/usr/bin/ld -m elf_x86_64) supports shared libraries
configure:11561: result: yes
configure:11598: checking whether -lc should be explicitly linked in
configure:11606: gcc -c   conftest.c >&5
configure:11609: $? = 0
configure:11624: gcc -shared  -fPIC -DPIC conftest.o  -v -Wl,-soname -Wl,conftest -o conftest 2\>\&1 \| /bin/grep  -lc  \>/dev/null 2\>\&1
configure:11627: $? = 0
configure:11641: result: no
configure:11801: checking dynamic linker characteristics
configure:12301: gcc -o conftest    -Wl,-rpath -Wl,/foo conftest.c  >&5
configure:12301: $? = 0
configure:12535: result: GNU/Linux ld.so
configure:12642: checking how to hardcode library paths into programs
configure:12667: result: immediate
configure:13207: checking whether stripping libraries is possible
configure:13212: result: yes
configure:13247: checking if libtool supports shared libraries
configure:13249: result: yes
configure:13252: checking whether to build shared libraries
configure:13273: result: yes
configure:13276: checking whether to build static libraries
configure:13280: result: no
configure:13303: checking how to run the C++ preprocessor
configure:13330: g++ -E  conftest.cpp
configure:13330: $? = 0
configure:13344: g++ -E  conftest.cpp
conftest.cpp:25:28: fatal error: ac_nonexistent.h: No such file or directory
 #include <ac_nonexistent.h>
                            ^
compilation terminated.
configure:13344: $? = 1
configure: failed program was:
| /* confdefs.h */
| #define PACKAGE_NAME "libbson"
| #define PACKAGE_TARNAME "libbson"
| #define PACKAGE_VERSION "1.6.1"
| #define PACKAGE_STRING "libbson 1.6.1"
| #define PACKAGE_BUGREPORT "https://jira.mongodb.org/browse/CDRIVER"
| #define PACKAGE_URL ""
| #define HAVE_TYPEOF 1
| #define STDC_HEADERS 1
| #define HAVE_SYS_TYPES_H 1
| #define HAVE_SYS_STAT_H 1
| #define HAVE_STDLIB_H 1
| #define HAVE_STRING_H 1
| #define HAVE_MEMORY_H 1
| #define HAVE_STRINGS_H 1
| #define HAVE_INTTYPES_H 1
| #define HAVE_STDINT_H 1
| #define HAVE_UNISTD_H 1
| #define HAVE__BOOL 1
| #define HAVE_STDBOOL_H 1
| #define HAVE_STRINGS_H 1
| #define HAVE_DLFCN_H 1
| #define LT_OBJDIR ".libs/"
| /* end confdefs.h.  */
| #include <ac_nonexistent.h>
configure:13369: result: g++ -E
configure:13389: g++ -E  conftest.cpp
configure:13389: $? = 0
configure:13403: g++ -E  conftest.cpp
conftest.cpp:25:28: fatal error: ac_nonexistent.h: No such file or directory
 #include <ac_nonexistent.h>
                            ^
compilation terminated.
configure:13403: $? = 1
configure: failed program was:
| /* confdefs.h */
| #define PACKAGE_NAME "libbson"
| #define PACKAGE_TARNAME "libbson"
| #define PACKAGE_VERSION "1.6.1"
| #define PACKAGE_STRING "libbson 1.6.1"
| #define PACKAGE_BUGREPORT "https://jira.mongodb.org/browse/CDRIVER"
| #define PACKAGE_URL ""
| #define HAVE_TYPEOF 1
| #define STDC_HEADERS 1
| #define HAVE_SYS_TYPES_H 1
| #define HAVE_SYS_STAT_H 1
| #define HAVE_STDLIB_H 1
| #define HAVE_STRING_H 1
| #define HAVE_MEMORY_H 1
| #define HAVE_STRINGS_H 1
| #define HAVE_INTTYPES_H 1
| #define HAVE_STDINT_H 1
| #define HAVE_UNISTD_H 1
| #define HAVE__BOOL 1
| #define HAVE_STDBOOL_H 1
| #define HAVE_STRINGS_H 1
| #define HAVE_DLFCN_H 1
| #define LT_OBJDIR ".libs/"
| /* end confdefs.h.  */
| #include <ac_nonexistent.h>
configure:13572: checking for ld used by g++
configure:13639: result: /usr/bin/ld -m elf_x86_64
configure:13646: checking if the linker (/usr/bin/ld -m elf_x86_64) is GNU ld
configure:13661: result: yes
configure:13716: checking whether the g++ linker (/usr/bin/ld -m elf_x86_64) supports shared libraries
configure:14718: result: yes
configure:14754: g++ -c   conftest.cpp >&5
configure:14757: $? = 0
configure:15277: checking for g++ option to produce PIC
configure:15284: result: -fPIC -DPIC
configure:15292: checking if g++ PIC flag -fPIC -DPIC works
configure:15310: g++ -c   -fPIC -DPIC -DPIC conftest.cpp >&5
configure:15314: $? = 0
configure:15327: result: yes
configure:15350: checking if g++ static flag -static works
configure:15378: result: yes
configure:15390: checking if g++ supports -c -o file.o
configure:15411: g++ -c   -o out/conftest2.o conftest.cpp >&5
configure:15415: $? = 0
configure:15437: result: yes
configure:15442: checking if g++ supports -c -o file.o
configure:15489: result: yes
configure:15519: checking whether the g++ linker (/usr/bin/ld -m elf_x86_64) supports shared libraries
configure:15558: result: yes
configure:15699: checking dynamic linker characteristics
configure:16367: result: GNU/Linux ld.so
configure:16420: checking how to hardcode library paths into programs
configure:16445: result: immediate
configure:16509: checking whether to do a debug build
configure:16518: result: no
configure:16521: checking whether to enable optimized builds
configure:16536: result: yes
configure:16539: checking whether to enable extra alignment of types
configure:16548: result: yes
configure:16567: checking whether to enable code coverage support
configure:16576: result: no
configure:16579: checking whether to enable debug symbols
configure:16600: result: no
configure:16648: checking for strnlen
configure:16667: gcc -c   conftest.c >&5
conftest.c:27:5: error: conflicting types for 'strnlen'
 int strnlen () { return 0; }
     ^~~~~~~
In file included from conftest.c:26:0:
/usr/include/string.h:401:15: note: previous declaration of 'strnlen' was here
 extern size_t strnlen (const char *__string, size_t __maxlen)
               ^~~~~~~
configure:16667: $? = 1
configure: failed program was:
| /* confdefs.h */
| #define PACKAGE_NAME "libbson"
| #define PACKAGE_TARNAME "libbson"
| #define PACKAGE_VERSION "1.6.1"
| #define PACKAGE_STRING "libbson 1.6.1"
| #define PACKAGE_BUGREPORT "https://jira.mongodb.org/browse/CDRIVER"
| #define PACKAGE_URL ""
| #define HAVE_TYPEOF 1
| #define STDC_HEADERS 1
| #define HAVE_SYS_TYPES_H 1
| #define HAVE_SYS_STAT_H 1
| #define HAVE_STDLIB_H 1
| #define HAVE_STRING_H 1
| #define HAVE_MEMORY_H 1
| #define HAVE_STRINGS_H 1
| #define HAVE_INTTYPES_H 1
| #define HAVE_STDINT_H 1
| #define HAVE_UNISTD_H 1
| #define HAVE__BOOL 1
| #define HAVE_STDBOOL_H 1
| #define HAVE_STRINGS_H 1
| #define HAVE_DLFCN_H 1
| #define LT_OBJDIR ".libs/"
| /* end confdefs.h.  */
| 
| #include <string.h>
| int strnlen () { return 0; }
| 
| int
| main ()
| {
| 
|   ;
|   return 0;
| }
configure:16674: result: yes
configure:16684: checking for reallocf
configure:16703: gcc -c   conftest.c >&5
configure:16703: $? = 0
configure:16710: result: no
configure:16720: checking for syscall
configure:16740: gcc -c   conftest.c >&5
conftest.c:28:5: error: conflicting types for 'syscall'
 int syscall () { return 0; }
     ^~~~~~~
In file included from conftest.c:26:0:
/usr/include/unistd.h:1060:17: note: previous declaration of 'syscall' was here
 extern long int syscall (long int __sysno, ...) __THROW;
                 ^~~~~~~
configure:16740: $? = 1
configure: failed program was:
| /* confdefs.h */
| #define PACKAGE_NAME "libbson"
| #define PACKAGE_TARNAME "libbson"
| #define PACKAGE_VERSION "1.6.1"
| #define PACKAGE_STRING "libbson 1.6.1"
| #define PACKAGE_BUGREPORT "https://jira.mongodb.org/browse/CDRIVER"
| #define PACKAGE_URL ""
| #define HAVE_TYPEOF 1
| #define STDC_HEADERS 1
| #define HAVE_SYS_TYPES_H 1
| #define HAVE_SYS_STAT_H 1
| #define HAVE_STDLIB_H 1
| #define HAVE_STRING_H 1
| #define HAVE_MEMORY_H 1
| #define HAVE_STRINGS_H 1
| #define HAVE_INTTYPES_H 1
| #define HAVE_STDINT_H 1
| #define HAVE_UNISTD_H 1
| #define HAVE__BOOL 1
| #define HAVE_STDBOOL_H 1
| #define HAVE_STRINGS_H 1
| #define HAVE_DLFCN_H 1
| #define LT_OBJDIR ".libs/"
| /* end confdefs.h.  */
| 
| #include <unistd.h>
| #include <sys/syscall.h>
| int syscall () { return 0; }
| 
| int
| main ()
| {
| 
|   ;
|   return 0;
| }
configure:16747: result: yes
configure:16750: checking for SYS_gettid
configure:16770: gcc -c   conftest.c >&5
configure:16770: $? = 0
configure:16777: result: yes
configure:16788: checking for snprintf
configure:16788: gcc -o conftest    conftest.c  >&5
conftest.c:48:6: warning: conflicting types for built-in function 'snprintf'
 char snprintf ();
      ^~~~~~~~
configure:16788: $? = 0
configure:16788: result: yes
configure:16800: checking for _set_output_format
configure:16800: gcc -o conftest    conftest.c  >&5
/tmp/ccb6GGPw.o: In function `main':
conftest.c:(.text+0xa): undefined reference to `_set_output_format'
collect2: error: ld returned 1 exit status
configure:16800: $? = 1
configure: failed program was:
| /* confdefs.h */
| #define PACKAGE_NAME "libbson"
| #define PACKAGE_TARNAME "libbson"
| #define PACKAGE_VERSION "1.6.1"
| #define PACKAGE_STRING "libbson 1.6.1"
| #define PACKAGE_BUGREPORT "https://jira.mongodb.org/browse/CDRIVER"
| #define PACKAGE_URL ""
| #define HAVE_TYPEOF 1
| #define STDC_HEADERS 1
| #define HAVE_SYS_TYPES_H 1
| #define HAVE_SYS_STAT_H 1
| #define HAVE_STDLIB_H 1
| #define HAVE_STRING_H 1
| #define HAVE_MEMORY_H 1
| #define HAVE_STRINGS_H 1
| #define HAVE_INTTYPES_H 1
| #define HAVE_STDINT_H 1
| #define HAVE_UNISTD_H 1
| #define HAVE__BOOL 1
| #define HAVE_STDBOOL_H 1
| #define HAVE_STRINGS_H 1
| #define HAVE_DLFCN_H 1
| #define LT_OBJDIR ".libs/"
| /* end confdefs.h.  */
| /* Define _set_output_format to an innocuous variant, in case <limits.h> declares _set_output_format.
|    For example, HP-UX 11i <limits.h> declares gettimeofday.  */
| #define _set_output_format innocuous__set_output_format
| 
| /* System header to define __stub macros and hopefully few prototypes,
|     which can conflict with char _set_output_format (); below.
|     Prefer <limits.h> to <assert.h> if __STDC__ is defined, since
|     <limits.h> exists even on freestanding compilers.  */
| 
| #ifdef __STDC__
| # include <limits.h>
| #else
| # include <assert.h>
| #endif
| 
| #undef _set_output_format
| 
| /* Override any GCC internal prototype to avoid an error.
|    Use char because int might match the return type of a GCC
|    builtin and then its argument prototype would still apply.  */
| #ifdef __cplusplus
| extern "C"
| #endif
| char _set_output_format ();
| /* The GNU C library defines this for functions which it implements
|     to always fail with ENOSYS.  Some functions are actually named
|     something starting with __ and the normal name is an alias.  */
| #if defined __stub__set_output_format || defined __stub____set_output_format
| choke me
| #endif
| 
| int
| main ()
| {
| return _set_output_format ();
|   ;
|   return 0;
| }
configure:16800: result: no
configure:16814: checking for struct timespec
configure:16814: gcc -c   conftest.c >&5
configure:16814: $? = 0
configure:16814: gcc -c   conftest.c >&5
conftest.c: In function 'main':
conftest.c:30:30: error: expected expression before ')' token
 if (sizeof ((struct timespec)))
                              ^
configure:16814: $? = 1
configure: failed program was:
| /* confdefs.h */
| #define PACKAGE_NAME "libbson"
| #define PACKAGE_TARNAME "libbson"
| #define PACKAGE_VERSION "1.6.1"
| #define PACKAGE_STRING "libbson 1.6.1"
| #define PACKAGE_BUGREPORT "https://jira.mongodb.org/browse/CDRIVER"
| #define PACKAGE_URL ""
| #define HAVE_TYPEOF 1
| #define STDC_HEADERS 1
| #define HAVE_SYS_TYPES_H 1
| #define HAVE_SYS_STAT_H 1
| #define HAVE_STDLIB_H 1
| #define HAVE_STRING_H 1
| #define HAVE_MEMORY_H 1
| #define HAVE_STRINGS_H 1
| #define HAVE_INTTYPES_H 1
| #define HAVE_STDINT_H 1
| #define HAVE_UNISTD_H 1
| #define HAVE__BOOL 1
| #define HAVE_STDBOOL_H 1
| #define HAVE_STRINGS_H 1
| #define HAVE_DLFCN_H 1
| #define LT_OBJDIR ".libs/"
| /* end confdefs.h.  */
| #include <time.h>
| 
| int
| main ()
| {
| if (sizeof ((struct timespec)))
| 	    return 0;
|   ;
|   return 0;
| }
configure:16814: result: yes
configure:16825: checking for library containing clock_gettime
configure:16856: gcc -o conftest    conftest.c  >&5
configure:16856: $? = 0
configure:16873: result: none required
configure:17001: checking if compiler needs -Werror to reject unknown flags
configure:17017: gcc -c  -Werror -Wunknown-warning-option -Wsizeof-array-argument  conftest.c >&5
gcc: error: unrecognized command line option '-Wunknown-warning-option'; did you mean '-Wno-warning-token'?
configure:17017: $? = 1
configure: failed program was:
| /* confdefs.h */
| #define PACKAGE_NAME "libbson"
| #define PACKAGE_TARNAME "libbson"
| #define PACKAGE_VERSION "1.6.1"
| #define PACKAGE_STRING "libbson 1.6.1"
| #define PACKAGE_BUGREPORT "https://jira.mongodb.org/browse/CDRIVER"
| #define PACKAGE_URL ""
| #define HAVE_TYPEOF 1
| #define STDC_HEADERS 1
| #define HAVE_SYS_TYPES_H 1
| #define HAVE_SYS_STAT_H 1
| #define HAVE_STDLIB_H 1
| #define HAVE_STRING_H 1
| #define HAVE_MEMORY_H 1
| #define HAVE_STRINGS_H 1
| #define HAVE_INTTYPES_H 1
| #define HAVE_STDINT_H 1
| #define HAVE_UNISTD_H 1
| #define HAVE__BOOL 1
| #define HAVE_STDBOOL_H 1
| #define HAVE_STRINGS_H 1
| #define HAVE_DLFCN_H 1
| #define LT_OBJDIR ".libs/"
| /* end confdefs.h.  */
| int foo(void);
| int
| main ()
| {
| foo()
|   ;
|   return 0;
| }
configure:17022: result: no
configure:17088: checking for the pthreads library -lpthreads
configure:17126: gcc -o conftest      conftest.c -lpthreads  >&5
/usr/bin/ld: cannot find -lpthreads
collect2: error: ld returned 1 exit status
configure:17126: $? = 1
configure: failed program was:
| /* confdefs.h */
| #define PACKAGE_NAME "libbson"
| #define PACKAGE_TARNAME "libbson"
| #define PACKAGE_VERSION "1.6.1"
| #define PACKAGE_STRING "libbson 1.6.1"
| #define PACKAGE_BUGREPORT "https://jira.mongodb.org/browse/CDRIVER"
| #define PACKAGE_URL ""
| #define HAVE_TYPEOF 1
| #define STDC_HEADERS 1
| #define HAVE_SYS_TYPES_H 1
| #define HAVE_SYS_STAT_H 1
| #define HAVE_STDLIB_H 1
| #define HAVE_STRING_H 1
| #define HAVE_MEMORY_H 1
| #define HAVE_STRINGS_H 1
| #define HAVE_INTTYPES_H 1
| #define HAVE_STDINT_H 1
| #define HAVE_UNISTD_H 1
| #define HAVE__BOOL 1
| #define HAVE_STDBOOL_H 1
| #define HAVE_STRINGS_H 1
| #define HAVE_DLFCN_H 1
| #define LT_OBJDIR ".libs/"
| /* end confdefs.h.  */
| #include <pthread.h>
|                         static void routine(void *a) { a = 0; }
|                         static void *start_routine(void *a) { return a; }
| int
| main ()
| {
| pthread_t th; pthread_attr_t attr;
|                         pthread_create(&th, 0, start_routine, 0);
|                         pthread_join(th, 0);
|                         pthread_attr_init(&attr);
|                         pthread_cleanup_push(routine, 0);
|                         pthread_cleanup_pop(0) /* ; */
|   ;
|   return 0;
| }
configure:17135: result: no
configure:17033: checking whether pthreads work without any flags
configure:17126: gcc -o conftest      conftest.c   >&5
/tmp/ccmA3HUO.o: In function `main':
conftest.c:(.text+0x57): undefined reference to `pthread_create'
conftest.c:(.text+0x6b): undefined reference to `pthread_join'
conftest.c:(.text+0xe2): undefined reference to `__pthread_register_cancel'
conftest.c:(.text+0xee): undefined reference to `__pthread_unregister_cancel'
collect2: error: ld returned 1 exit status
configure:17126: $? = 1
configure: failed program was:
| /* confdefs.h */
| #define PACKAGE_NAME "libbson"
| #define PACKAGE_TARNAME "libbson"
| #define PACKAGE_VERSION "1.6.1"
| #define PACKAGE_STRING "libbson 1.6.1"
| #define PACKAGE_BUGREPORT "https://jira.mongodb.org/browse/CDRIVER"
| #define PACKAGE_URL ""
| #define HAVE_TYPEOF 1
| #define STDC_HEADERS 1
| #define HAVE_SYS_TYPES_H 1
| #define HAVE_SYS_STAT_H 1
| #define HAVE_STDLIB_H 1
| #define HAVE_STRING_H 1
| #define HAVE_MEMORY_H 1
| #define HAVE_STRINGS_H 1
| #define HAVE_INTTYPES_H 1
| #define HAVE_STDINT_H 1
| #define HAVE_UNISTD_H 1
| #define HAVE__BOOL 1
| #define HAVE_STDBOOL_H 1
| #define HAVE_STRINGS_H 1
| #define HAVE_DLFCN_H 1
| #define LT_OBJDIR ".libs/"
| /* end confdefs.h.  */
| #include <pthread.h>
|                         static void routine(void *a) { a = 0; }
|                         static void *start_routine(void *a) { return a; }
| int
| main ()
| {
| pthread_t th; pthread_attr_t attr;
|                         pthread_create(&th, 0, start_routine, 0);
|                         pthread_join(th, 0);
|                         pthread_attr_init(&attr);
|                         pthread_cleanup_push(routine, 0);
|                         pthread_cleanup_pop(0) /* ; */
|   ;
|   return 0;
| }
configure:17135: result: no
configure:17038: checking whether pthreads work with -Kthread
configure:17126: gcc -o conftest  -Kthread    conftest.c   >&5
gcc: error: unrecognized command line option '-Kthread'; did you mean '-pthread'?
configure:17126: $? = 1
configure: failed program was:
| /* confdefs.h */
| #define PACKAGE_NAME "libbson"
| #define PACKAGE_TARNAME "libbson"
| #define PACKAGE_VERSION "1.6.1"
| #define PACKAGE_STRING "libbson 1.6.1"
| #define PACKAGE_BUGREPORT "https://jira.mongodb.org/browse/CDRIVER"
| #define PACKAGE_URL ""
| #define HAVE_TYPEOF 1
| #define STDC_HEADERS 1
| #define HAVE_SYS_TYPES_H 1
| #define HAVE_SYS_STAT_H 1
| #define HAVE_STDLIB_H 1
| #define HAVE_STRING_H 1
| #define HAVE_MEMORY_H 1
| #define HAVE_STRINGS_H 1
| #define HAVE_INTTYPES_H 1
| #define HAVE_STDINT_H 1
| #define HAVE_UNISTD_H 1
| #define HAVE__BOOL 1
| #define HAVE_STDBOOL_H 1
| #define HAVE_STRINGS_H 1
| #define HAVE_DLFCN_H 1
| #define LT_OBJDIR ".libs/"
| /* end confdefs.h.  */
| #include <pthread.h>
|                         static void routine(void *a) { a = 0; }
|                         static void *start_routine(void *a) { return a; }
| int
| main ()
| {
| pthread_t th; pthread_attr_t attr;
|                         pthread_create(&th, 0, start_routine, 0);
|                         pthread_join(th, 0);
|                         pthread_attr_init(&attr);
|                         pthread_cleanup_push(routine, 0);
|                         pthread_cleanup_pop(0) /* ; */
|   ;
|   return 0;
| }
configure:17135: result: no
configure:17038: checking whether pthreads work with -kthread
configure:17126: gcc -o conftest  -kthread    conftest.c   >&5
gcc: error: unrecognized command line option '-kthread'; did you mean '-pthread'?
configure:17126: $? = 1
configure: failed program was:
| /* confdefs.h */
| #define PACKAGE_NAME "libbson"
| #define PACKAGE_TARNAME "libbson"
| #define PACKAGE_VERSION "1.6.1"
| #define PACKAGE_STRING "libbson 1.6.1"
| #define PACKAGE_BUGREPORT "https://jira.mongodb.org/browse/CDRIVER"
| #define PACKAGE_URL ""
| #define HAVE_TYPEOF 1
| #define STDC_HEADERS 1
| #define HAVE_SYS_TYPES_H 1
| #define HAVE_SYS_STAT_H 1
| #define HAVE_STDLIB_H 1
| #define HAVE_STRING_H 1
| #define HAVE_MEMORY_H 1
| #define HAVE_STRINGS_H 1
| #define HAVE_INTTYPES_H 1
| #define HAVE_STDINT_H 1
| #define HAVE_UNISTD_H 1
| #define HAVE__BOOL 1
| #define HAVE_STDBOOL_H 1
| #define HAVE_STRINGS_H 1
| #define HAVE_DLFCN_H 1
| #define LT_OBJDIR ".libs/"
| /* end confdefs.h.  */
| #include <pthread.h>
|                         static void routine(void *a) { a = 0; }
|                         static void *start_routine(void *a) { return a; }
| int
| main ()
| {
| pthread_t th; pthread_attr_t attr;
|                         pthread_create(&th, 0, start_routine, 0);
|                         pthread_join(th, 0);
|                         pthread_attr_init(&attr);
|                         pthread_cleanup_push(routine, 0);
|                         pthread_cleanup_pop(0) /* ; */
|   ;
|   return 0;
| }
configure:17135: result: no
configure:17088: checking for the pthreads library -llthread
configure:17126: gcc -o conftest      conftest.c -llthread  >&5
/usr/bin/ld: cannot find -llthread
collect2: error: ld returned 1 exit status
configure:17126: $? = 1
configure: failed program was:
| /* confdefs.h */
| #define PACKAGE_NAME "libbson"
| #define PACKAGE_TARNAME "libbson"
| #define PACKAGE_VERSION "1.6.1"
| #define PACKAGE_STRING "libbson 1.6.1"
| #define PACKAGE_BUGREPORT "https://jira.mongodb.org/browse/CDRIVER"
| #define PACKAGE_URL ""
| #define HAVE_TYPEOF 1
| #define STDC_HEADERS 1
| #define HAVE_SYS_TYPES_H 1
| #define HAVE_SYS_STAT_H 1
| #define HAVE_STDLIB_H 1
| #define HAVE_STRING_H 1
| #define HAVE_MEMORY_H 1
| #define HAVE_STRINGS_H 1
| #define HAVE_INTTYPES_H 1
| #define HAVE_STDINT_H 1
| #define HAVE_UNISTD_H 1
| #define HAVE__BOOL 1
| #define HAVE_STDBOOL_H 1
| #define HAVE_STRINGS_H 1
| #define HAVE_DLFCN_H 1
| #define LT_OBJDIR ".libs/"
| /* end confdefs.h.  */
| #include <pthread.h>
|                         static void routine(void *a) { a = 0; }
|                         static void *start_routine(void *a) { return a; }
| int
| main ()
| {
| pthread_t th; pthread_attr_t attr;
|                         pthread_create(&th, 0, start_routine, 0);
|                         pthread_join(th, 0);
|                         pthread_attr_init(&attr);
|                         pthread_cleanup_push(routine, 0);
|                         pthread_cleanup_pop(0) /* ; */
|   ;
|   return 0;
| }
configure:17135: result: no
configure:17038: checking whether pthreads work with -pthread
configure:17126: gcc -o conftest  -pthread    conftest.c   >&5
configure:17126: $? = 0
configure:17135: result: yes
configure:17154: checking for joinable pthread attribute
configure:17169: gcc -o conftest  -pthread   conftest.c   >&5
configure:17169: $? = 0
configure:17175: result: PTHREAD_CREATE_JOINABLE
configure:17185: checking if more special flags are required for pthreads
configure:17200: result: no
configure:17206: checking for PTHREAD_PRIO_INHERIT
configure:17223: gcc -o conftest  -pthread   conftest.c   >&5
configure:17223: $? = 0
configure:17232: result: yes
configure:17346: checking whether PTHREAD_ONCE_INIT needs braces
configure:17363: gcc -c   conftest.c >&5
configure:17363: $? = 0
configure:17370: result: no
configure:17394: checking for __sync_add_and_fetch_4
configure:17407: gcc -o conftest    conftest.c  >&5
configure:17407: $? = 0
configure:17408: result: yes
configure:17426: checking for __sync_add_and_fetch_8
configure:17439: gcc -o conftest    conftest.c  >&5
configure:17439: $? = 0
configure:17440: result: yes
configure:18176: checking whether the linker accepts -Wl,-Bsymbolic
configure:18195: gcc -o conftest    -Werror  -Wl,-Bsymbolic conftest.c  >&5
configure:18195: $? = 0
configure:18204: result: yes
configure:18322: checking whether build environment is sane
configure:18377: result: yes
configure:18525: checking for a thread-safe mkdir -p
configure:18564: result: /bin/mkdir -p
configure:18567: checking whether make sets $(MAKE)
configure:18589: result: yes
configure:18619: checking for style of include used by make
configure:18647: result: GNU
configure:18681: checking whether make supports nested variables
configure:18698: result: yes
configure:18787: checking whether UID '0' is supported by ustar format
configure:18790: result: yes
configure:18797: checking whether GID '0' is supported by ustar format
configure:18800: result: yes
configure:18808: checking how to create a ustar tar archive
configure:18819: tar --version
tar (GNU tar) 1.29
Copyright (C) 2015 Free Software Foundation, Inc.
License GPLv3+: GNU GPL version 3 or later <http://gnu.org/licenses/gpl.html>.
This is free software: you are free to change and redistribute it.
There is NO WARRANTY, to the extent permitted by law.

Written by John Gilmore and Jay Fenlason.
configure:18822: $? = 0
configure:18862: tardir=conftest.dir && eval tar --format=ustar -chf - "$tardir" >conftest.tar
configure:18865: $? = 0
configure:18869: tar -xf - <conftest.tar
configure:18872: $? = 0
configure:18874: cat conftest.dir/file
GrepMe
configure:18877: $? = 0
configure:18890: result: gnutar
configure:18899: checking dependency style of gcc
configure:19010: result: gcc3
configure:19027: checking dependency style of g++
configure:19138: result: gcc3
configure:19206: checking whether make supports nested variables
configure:19223: result: yes
configure:19530: checking that generated files are newer than configure
configure:19536: result: done
configure:19623: creating ./config.status

## ---------------------- ##
## Running config.status. ##
## ---------------------- ##

This file was extended by libbson config.status 1.6.1, which was
generated by GNU Autoconf 2.69.  Invocation command line was

  CONFIG_FILES    = 
  CONFIG_HEADERS  = 
  CONFIG_LINKS    = 
  CONFIG_COMMANDS = 
  $ ./config.status 

on pan-pc

config.status:1146: creating Makefile
config.status:1146: creating src/libbson-1.0.pc
config.status:1146: creating src/bson/bson-config.h
config.status:1146: creating src/bson/bson-version.h
config.status:1318: executing libtool commands
config.status:1318: executing depfiles commands
configure:21929: WARNING: unrecognized options: --enable-statis

## ---------------- ##
## Cache variables. ##
## ---------------- ##

ac_cv_build=x86_64-unknown-linux-gnu
ac_cv_c_bigendian=no
ac_cv_c_compiler_gnu=yes
ac_cv_c_const=yes
ac_cv_c_inline=inline
ac_cv_c_typeof=typeof
ac_cv_cxx_compiler_gnu=yes
ac_cv_env_CCC_set=
ac_cv_env_CCC_value=
ac_cv_env_CC_set=
ac_cv_env_CC_value=
ac_cv_env_CFLAGS_set=
ac_cv_env_CFLAGS_value=
ac_cv_env_CPPFLAGS_set=
ac_cv_env_CPPFLAGS_value=
ac_cv_env_CPP_set=
ac_cv_env_CPP_value=
ac_cv_env_CXXCPP_set=
ac_cv_env_CXXCPP_value=
ac_cv_env_CXXFLAGS_set=
ac_cv_env_CXXFLAGS_value=
ac_cv_env_CXX_set=
ac_cv_env_CXX_value=
ac_cv_env_LDFLAGS_set=
ac_cv_env_LDFLAGS_value=
ac_cv_env_LIBS_set=
ac_cv_env_LIBS_value=
ac_cv_env_build_alias_set=
ac_cv_env_build_alias_value=
ac_cv_env_host_alias_set=
ac_cv_env_host_alias_value=
ac_cv_env_target_alias_set=
ac_cv_env_target_alias_value=
ac_cv_func__set_output_format=no
ac_cv_func_snprintf=yes
ac_cv_header_dlfcn_h=yes
ac_cv_header_inttypes_h=yes
ac_cv_header_memory_h=yes
ac_cv_header_stdbool_h=yes
ac_cv_header_stdc=yes
ac_cv_header_stdint=stdint.h
ac_cv_header_stdint_h=yes
ac_cv_header_stdint_o=no-file
ac_cv_header_stdint_test=no
ac_cv_header_stdint_u=no-file
ac_cv_header_stdint_x=stdint.h
ac_cv_header_stdlib_h=yes
ac_cv_header_string_h=yes
ac_cv_header_strings_h=yes
ac_cv_header_sys_stat_h=yes
ac_cv_header_sys_types_h=yes
ac_cv_header_unistd_h=yes
ac_cv_host=x86_64-unknown-linux-gnu
ac_cv_objext=o
ac_cv_path_EGREP='/bin/grep -E'
ac_cv_path_FGREP='/bin/grep -F'
ac_cv_path_GREP=/bin/grep
ac_cv_path_MV=/bin/mv
ac_cv_path_PERL=/usr/bin/perl
ac_cv_path_SED=/bin/sed
ac_cv_path_install='/usr/bin/install -c'
ac_cv_path_mkdir=/bin/mkdir
ac_cv_prog_AWK=mawk
ac_cv_prog_CPP='gcc -E'
ac_cv_prog_CXXCPP='g++ -E'
ac_cv_prog_ac_ct_AR=ar
ac_cv_prog_ac_ct_CC=gcc
ac_cv_prog_ac_ct_CXX=g++
ac_cv_prog_ac_ct_DLLTOOL=dlltool
ac_cv_prog_ac_ct_MANIFEST_TOOL=mt
ac_cv_prog_ac_ct_OBJDUMP=objdump
ac_cv_prog_ac_ct_RANLIB=ranlib
ac_cv_prog_ac_ct_STRIP=strip
ac_cv_prog_cc_c89=
ac_cv_prog_cc_g=yes
ac_cv_prog_cxx_g=yes
ac_cv_prog_make_make_set=yes
ac_cv_search_clock_gettime='none required'
ac_cv_sizeof_X=::::
ac_cv_sizeof_x=:
ac_cv_target=x86_64-unknown-linux-gnu
ac_cv_type__Bool=yes
ac_cv_type_int_fast32_t=yes
ac_cv_type_int_least32_t=yes
ac_cv_type_struct_timespec=yes
ac_cv_type_uint64_t=yes
ac_cv_type_uintptr_t=yes
am_cv_CC_dependencies_compiler_type=gcc3
am_cv_CXX_dependencies_compiler_type=gcc3
am_cv_make_support_nested_variables=yes
am_cv_prog_cc_c_o=yes
am_cv_prog_tar_ustar=gnutar
ax_cv_PTHREAD_PRIO_INHERIT=yes
ax_cv_check_ldflags__Werror___Wl__Bsymbolic=yes
bson_cv_have_reallocf=no
bson_cv_have_strnlen=yes
bson_cv_have_sys_gettid_tid=yes
bson_cv_have_syscall_tid=yes
bson_cv_need_braces_on_pthread_once_init=no
lt_cv_ar_at_file=@
lt_cv_archive_cmds_need_lc=no
lt_cv_deplibs_check_method=pass_all
lt_cv_file_magic_cmd='$MAGIC_CMD'
lt_cv_file_magic_test_file=
lt_cv_ld_reload_flag=-r
lt_cv_nm_interface='BSD nm'
lt_cv_objdir=.libs
lt_cv_path_LD=/usr/bin/ld
lt_cv_path_LDCXX='/usr/bin/ld -m elf_x86_64'
lt_cv_path_NM='/usr/bin/nm -B'
lt_cv_path_mainfest_tool=no
lt_cv_prog_compiler_c_o=yes
lt_cv_prog_compiler_c_o_CXX=yes
lt_cv_prog_compiler_pic='-fPIC -DPIC'
lt_cv_prog_compiler_pic_CXX='-fPIC -DPIC'
lt_cv_prog_compiler_pic_works=yes
lt_cv_prog_compiler_pic_works_CXX=yes
lt_cv_prog_compiler_rtti_exceptions=no
lt_cv_prog_compiler_static_works=yes
lt_cv_prog_compiler_static_works_CXX=yes
lt_cv_prog_gnu_ld=yes
lt_cv_prog_gnu_ldcxx=yes
lt_cv_sharedlib_from_linklib_cmd='printf %s\n'
lt_cv_shlibpath_overrides_runpath=no
lt_cv_sys_global_symbol_pipe='sed -n -e '\''s/^.*[	 ]\([ABCDGIRSTW][ABCDGIRSTW]*\)[	 ][	 ]*\([_A-Za-z][_A-Za-z0-9]*\)$/\1 \2 \2/p'\'' | sed '\''/ __gnu_lto/d'\'''
lt_cv_sys_global_symbol_to_c_name_address='sed -n -e '\''s/^: \([^ ]*\)[ ]*$/  {\"\1\", (void *) 0},/p'\'' -e '\''s/^[ABCDGIRSTW]* \([^ ]*\) \([^ ]*\)$/  {"\2", (void *) \&\2},/p'\'''
lt_cv_sys_global_symbol_to_c_name_address_lib_prefix='sed -n -e '\''s/^: \([^ ]*\)[ ]*$/  {\"\1\", (void *) 0},/p'\'' -e '\''s/^[ABCDGIRSTW]* \([^ ]*\) \(lib[^ ]*\)$/  {"\2", (void *) \&\2},/p'\'' -e '\''s/^[ABCDGIRSTW]* \([^ ]*\) \([^ ]*\)$/  {"lib\2", (void *) \&\2},/p'\'''
lt_cv_sys_global_symbol_to_cdecl='sed -n -e '\''s/^T .* \(.*\)$/extern int \1();/p'\'' -e '\''s/^[ABCDGIRSTW]* .* \(.*\)$/extern char \1;/p'\'''
lt_cv_sys_max_cmd_len=1572864
lt_cv_to_host_file_cmd=func_convert_file_noop
lt_cv_to_tool_file_cmd=func_convert_file_noop

## ----------------- ##
## Output variables. ##
## ----------------- ##

ACLOCAL='${SHELL} /home/pan/git/demo/extlib/mongo-c-driver-1.6.1/src/libbson/build/autotools/missing aclocal-1.14'
ACLOCAL_AMFLAGS='-I build/autotools'
AMDEPBACKSLASH='\'
AMDEP_FALSE='#'
AMDEP_TRUE=''
AMTAR='$${TAR-tar}'
AM_BACKSLASH='\'
AM_DEFAULT_V='$(AM_DEFAULT_VERBOSITY)'
AM_DEFAULT_VERBOSITY='0'
AM_V='$(V)'
AR='ar'
AS='as'
AUTOCONF='${SHELL} /home/pan/git/demo/extlib/mongo-c-driver-1.6.1/src/libbson/build/autotools/missing autoconf'
AUTOHEADER='${SHELL} /home/pan/git/demo/extlib/mongo-c-driver-1.6.1/src/libbson/build/autotools/missing autoheader'
AUTOMAKE='${SHELL} /home/pan/git/demo/extlib/mongo-c-driver-1.6.1/src/libbson/build/autotools/missing automake-1.14'
AWK='mawk'
BSON_API_VERSION='1.0'
BSON_BYTE_ORDER='1234'
BSON_EXTRA_ALIGN='1'
BSON_HAVE_ATOMIC_32_ADD_AND_FETCH='1'
BSON_HAVE_ATOMIC_64_ADD_AND_FETCH='1'
BSON_HAVE_CLOCK_GETTIME='1'
BSON_HAVE_REALLOCF='0'
BSON_HAVE_SNPRINTF='1'
BSON_HAVE_STDBOOL_H='1'
BSON_HAVE_STRNLEN='1'
BSON_HAVE_SYSCALL_TID='1'
BSON_HAVE_TIMESPEC='1'
BSON_MAJOR_VERSION='1'
BSON_MICRO_VERSION='1'
BSON_MINOR_VERSION='6'
BSON_NEEDS_SET_OUTPUT_FORMAT='0'
BSON_OS='1'
BSON_PRERELEASE_VERSION=''
BSON_PTHREAD_ONCE_INIT_NEEDS_BRACES='0'
BSON_RELEASED_MAJOR_VERSION='1'
BSON_RELEASED_MICRO_VERSION='1'
BSON_RELEASED_MINOR_VERSION='6'
BSON_RELEASED_PRERELEASE_VERSION=''
BSON_RELEASED_VERSION='1.6.1'
BSON_VERSION='1.6.1'
CC='gcc'
CCDEPMODE='depmode=gcc3'
CFLAGS=' -O2'
COMPILER_CLANG_FALSE=''
COMPILER_CLANG_TRUE='#'
COMPILER_GCC_FALSE=''
COMPILER_GCC_TRUE='#'
COVERAGE_CFLAGS=''
COVERAGE_LDFLAGS=''
CPP='gcc -E'
CPPFLAGS=''
CXX='g++'
CXXCPP='g++ -E'
CXXDEPMODE='depmode=gcc3'
CXXFLAGS=''
CYGPATH_W='echo'
DEFS='-DPACKAGE_NAME=\"libbson\" -DPACKAGE_TARNAME=\"libbson\" -DPACKAGE_VERSION=\"1.6.1\" -DPACKAGE_STRING=\"libbson\ 1.6.1\" -DPACKAGE_BUGREPORT=\"https://jira.mongodb.org/browse/CDRIVER\" -DPACKAGE_URL=\"\" -DHAVE_TYPEOF=1 -DSTDC_HEADERS=1 -DHAVE_SYS_TYPES_H=1 -DHAVE_SYS_STAT_H=1 -DHAVE_STDLIB_H=1 -DHAVE_STRING_H=1 -DHAVE_MEMORY_H=1 -DHAVE_STRINGS_H=1 -DHAVE_INTTYPES_H=1 -DHAVE_STDINT_H=1 -DHAVE_UNISTD_H=1 -DHAVE__BOOL=1 -DHAVE_STDBOOL_H=1 -DHAVE_STRINGS_H=1 -DHAVE_DLFCN_H=1 -DLT_OBJDIR=\".libs/\" -DHAVE_PTHREAD_PRIO_INHERIT=1 -DHAVE_PTHREAD=1 -DPACKAGE=\"libbson\" -DVERSION=\"1.6.1\"'
DEPDIR='.deps'
DLLTOOL='dlltool'
DSYMUTIL=''
DUMPBIN=''
ECHO_C=''
ECHO_N='-n'
ECHO_T=''
EGREP='/bin/grep -E'
ENABLE_DEBUG_FALSE=''
ENABLE_DEBUG_TRUE='#'
ENABLE_EXAMPLES_FALSE='#'
ENABLE_EXAMPLES_TRUE=''
ENABLE_HTML_DOCS_FALSE=''
ENABLE_HTML_DOCS_TRUE='#'
ENABLE_MAN_PAGES_FALSE=''
ENABLE_MAN_PAGES_TRUE='#'
ENABLE_PTHREADS_FALSE=''
ENABLE_PTHREADS_TRUE='#'
ENABLE_STDBOOL_FALSE=''
ENABLE_STDBOOL_TRUE='#'
ENABLE_TESTS_FALSE='#'
ENABLE_TESTS_TRUE=''
EXEEXT=''
FGREP='/bin/grep -F'
GREP='/bin/grep'
INSTALL_DATA='${INSTALL} -m 644'
INSTALL_PROGRAM='${INSTALL}'
INSTALL_SCRIPT='${INSTALL}'
INSTALL_STRIP_PROGRAM='$(install_sh) -c -s'
LD='/usr/bin/ld -m elf_x86_64'
LDFLAGS=''
LIBC_FEATURES='-D_GNU_SOURCE'
LIBOBJS=''
LIBS=''
LIBTOOL='$(SHELL) $(top_builddir)/libtool'
LIPO=''
LN_S='ln -s'
LTLIBOBJS=''
MAINTAINER_CFLAGS=''
MAKEINFO='${SHELL} /home/pan/git/demo/extlib/mongo-c-driver-1.6.1/src/libbson/build/autotools/missing makeinfo'
MANIFEST_TOOL=':'
MKDIR_P='/bin/mkdir -p'
MV='/bin/mv'
NM='/usr/bin/nm -B'
NMEDIT=''
OBJDUMP='objdump'
OBJEXT='o'
OPTIMIZE_CFLAGS=''
OPTIMIZE_LDFLAGS=' -Wl,-Bsymbolic'
OS_DARWIN_FALSE=''
OS_DARWIN_TRUE='#'
OS_FREEBSD_FALSE=''
OS_FREEBSD_TRUE='#'
OS_GNU_FALSE='#'
OS_GNU_TRUE=''
OS_LINUX_FALSE='#'
OS_LINUX_TRUE=''
OS_UNIX_FALSE='#'
OS_UNIX_TRUE=''
OS_WIN32_FALSE=''
OS_WIN32_TRUE='#'
OTOOL64=''
OTOOL=''
PACKAGE='libbson'
PACKAGE_BUGREPORT='https://jira.mongodb.org/browse/CDRIVER'
PACKAGE_NAME='libbson'
PACKAGE_STRING='libbson 1.6.1'
PACKAGE_TARNAME='libbson'
PACKAGE_URL=''
PACKAGE_VERSION='1.6.1'
PATH_SEPARATOR=':'
PERL='/usr/bin/perl'
PTHREAD_CC='gcc'
PTHREAD_CFLAGS='-pthread'
PTHREAD_LIBS=''
RANLIB='ranlib'
SED='/bin/sed'
SET_MAKE=''
SHELL='/bin/bash'
SOCKET_CFLAGS=''
SOCKET_LDFLAGS=''
SPHINX_BUILD=''
STRIP='strip'
VERSION='1.6.1'
ac_ct_AR='ar'
ac_ct_CC='gcc'
ac_ct_CXX='g++'
ac_ct_DUMPBIN=''
am__EXEEXT_FALSE=''
am__EXEEXT_TRUE='#'
am__fastdepCC_FALSE='#'
am__fastdepCC_TRUE=''
am__fastdepCXX_FALSE='#'
am__fastdepCXX_TRUE=''
am__include='include'
am__isrc=''
am__leading_dot='.'
am__nodep='_no'
am__quote=''
am__tar='tar --format=ustar -chf - "$$tardir"'
am__untar='tar -xf -'
ax_pthread_config=''
bindir='${exec_prefix}/bin'
build='x86_64-unknown-linux-gnu'
build_alias=''
build_cpu='x86_64'
build_os='linux-gnu'
build_vendor='unknown'
datadir='${datarootdir}'
datarootdir='${prefix}/share'
docdir='${datarootdir}/doc/${PACKAGE_TARNAME}'
dvidir='${docdir}'
exec_prefix='${prefix}'
host='x86_64-unknown-linux-gnu'
host_alias=''
host_cpu='x86_64'
host_os='linux-gnu'
host_vendor='unknown'
htmldir='${docdir}'
includedir='${prefix}/include'
infodir='${datarootdir}/info'
install_sh='${SHELL} /home/pan/git/demo/extlib/mongo-c-driver-1.6.1/src/libbson/build/autotools/install-sh'
libdir='${exec_prefix}/lib'
libexecdir='${exec_prefix}/libexec'
localedir='${datarootdir}/locale'
localstatedir='${prefix}/var'
mandir='${datarootdir}/man'
mkdir_p='$(MKDIR_P)'
oldincludedir='/usr/include'
pdfdir='${docdir}'
prefix='/usr/local'
program_transform_name='s,x,x,'
psdir='${docdir}'
sbindir='${exec_prefix}/sbin'
sharedstatedir='${prefix}/com'
sysconfdir='${prefix}/etc'
target='x86_64-unknown-linux-gnu'
target_alias=''
target_cpu='x86_64'
target_os='linux-gnu'
target_vendor='unknown'

## ----------- ##
## confdefs.h. ##
## ----------- ##

/* confdefs.h */
#define PACKAGE_NAME "libbson"
#define PACKAGE_TARNAME "libbson"
#define PACKAGE_VERSION "1.6.1"
#define PACKAGE_STRING "libbson 1.6.1"
#define PACKAGE_BUGREPORT "https://jira.mongodb.org/browse/CDRIVER"
#define PACKAGE_URL ""
#define HAVE_TYPEOF 1
#define STDC_HEADERS 1
#define HAVE_SYS_TYPES_H 1
#define HAVE_SYS_STAT_H 1
#define HAVE_STDLIB_H 1
#define HAVE_STRING_H 1
#define HAVE_MEMORY_H 1
#define HAVE_STRINGS_H 1
#define HAVE_INTTYPES_H 1
#define HAVE_STDINT_H 1
#define HAVE_UNISTD_H 1
#define HAVE__BOOL 1
#define HAVE_STDBOOL_H 1
#define HAVE_STRINGS_H 1
#define HAVE_DLFCN_H 1
#define LT_OBJDIR ".libs/"
#define HAVE_PTHREAD_PRIO_INHERIT 1
#define HAVE_PTHREAD 1
#define PACKAGE "libbson"
#define VERSION "1.6.1"

configure: exit 0
