This file contains any messages produced by compilers while
running configure, to aid debugging if configure makes a mistake.

It was created by mongo-c-driver configure 1.6.1, which was
generated by GNU Autoconf 2.69.  Invocation command line was

  $ ./configure --enable-static --enable-shared

## --------- ##
## Platform. ##
## --------- ##

hostname = pan-pc
uname -m = x86_64
uname -r = 4.8.0-30-generic
uname -s = Linux
uname -v = #32-Ubuntu SMP Fri Dec 2 03:43:27 UTC 2016

/usr/bin/uname -p = unknown
/bin/uname -X     = unknown

/bin/arch              = unknown
/usr/bin/arch -k       = unknown
/usr/convex/getsysinfo = unknown
/usr/bin/hostinfo      = unknown
/bin/machine           = unknown
/usr/bin/oslevel       = unknown
/bin/universe          = unknown

PATH: /usr/local/sbin
PATH: /usr/local/bin
PATH: /usr/sbin
PATH: /usr/bin
PATH: /sbin
PATH: /bin
PATH: /snap/bin


## ----------- ##
## Core tests. ##
## ----------- ##

configure:2615: Current version (from VERSION_CURRENT file): 1.6.1
configure:2741: checking for gcc
configure:2757: found /usr/bin/gcc
configure:2768: result: gcc
configure:2997: checking for C compiler version
configure:3006: gcc --version >&5
gcc (Ubuntu 6.2.0-5ubuntu12) 6.2.0 20161005
Copyright (C) 2016 Free Software Foundation, Inc.
This is free software; see the source for copying conditions.  There is NO
warranty; not even for MERCHANTABILITY or FITNESS FOR A PARTICULAR PURPOSE.

configure:3017: $? = 0
configure:3006: gcc -v >&5
Using built-in specs.
COLLECT_GCC=gcc
COLLECT_LTO_WRAPPER=/usr/lib/gcc/x86_64-linux-gnu/6/lto-wrapper
Target: x86_64-linux-gnu
Configured with: ../src/configure -v --with-pkgversion='Ubuntu 6.2.0-5ubuntu12' --with-bugurl=file:///usr/share/doc/gcc-6/README.Bugs --enable-languages=c,ada,c++,java,go,d,fortran,objc,obj-c++ --prefix=/usr --program-suffix=-6 --program-prefix=x86_64-linux-gnu- --enable-shared --enable-linker-build-id --libexecdir=/usr/lib --without-included-gettext --enable-threads=posix --libdir=/usr/lib --enable-nls --with-sysroot=/ --enable-clocale=gnu --enable-libstdcxx-debug --enable-libstdcxx-time=yes --with-default-libstdcxx-abi=new --enable-gnu-unique-object --disable-vtable-verify --enable-libmpx --enable-plugin --enable-default-pie --with-system-zlib --disable-browser-plugin --enable-java-awt=gtk --enable-gtk-cairo --with-java-home=/usr/lib/jvm/java-1.5.0-gcj-6-amd64/jre --enable-java-home --with-jvm-root-dir=/usr/lib/jvm/java-1.5.0-gcj-6-amd64 --with-jvm-jar-dir=/usr/lib/jvm-exports/java-1.5.0-gcj-6-amd64 --with-arch-directory=amd64 --with-ecj-jar=/usr/share/java/eclipse-ecj.jar --enable-objc-gc --enable-multiarch --disable-werror --with-arch-32=i686 --with-abi=m64 --with-multilib-list=m32,m64,mx32 --enable-multilib --with-tune=generic --enable-checking=release --build=x86_64-linux-gnu --host=x86_64-linux-gnu --target=x86_64-linux-gnu
Thread model: posix
gcc version 6.2.0 20161005 (Ubuntu 6.2.0-5ubuntu12) 
configure:3017: $? = 0
configure:3006: gcc -V >&5
gcc: error: unrecognized command line option '-V'
gcc: fatal error: no input files
compilation terminated.
configure:3017: $? = 1
configure:3006: gcc -qversion >&5
gcc: error: unrecognized command line option '-qversion'; did you mean '--version'?
gcc: fatal error: no input files
compilation terminated.
configure:3017: $? = 1
configure:3037: checking whether the C compiler works
configure:3059: gcc    conftest.c  >&5
configure:3063: $? = 0
configure:3111: result: yes
configure:3114: checking for C compiler default output file name
configure:3116: result: a.out
configure:3122: checking for suffix of executables
configure:3129: gcc -o conftest    conftest.c  >&5
configure:3133: $? = 0
configure:3155: result: 
configure:3177: checking whether we are cross compiling
configure:3185: gcc -o conftest    conftest.c  >&5
configure:3189: $? = 0
configure:3196: ./conftest
configure:3200: $? = 0
configure:3215: result: no
configure:3220: checking for suffix of object files
configure:3242: gcc -c   conftest.c >&5
configure:3246: $? = 0
configure:3267: result: o
configure:3271: checking whether we are using the GNU C compiler
configure:3290: gcc -c   conftest.c >&5
configure:3290: $? = 0
configure:3299: result: yes
configure:3308: checking whether gcc accepts -g
configure:3328: gcc -c -g  conftest.c >&5
configure:3328: $? = 0
configure:3369: result: yes
configure:3386: checking for gcc option to accept ISO C89
configure:3449: gcc  -c   conftest.c >&5
configure:3449: $? = 0
configure:3462: result: none needed
configure:3490: checking whether gcc understands -c and -o together
configure:3512: gcc -c conftest.c -o conftest2.o
configure:3515: $? = 0
configure:3512: gcc -c conftest.c -o conftest2.o
configure:3515: $? = 0
configure:3527: result: yes
configure:3602: checking for g++
configure:3618: found /usr/bin/g++
configure:3629: result: g++
configure:3656: checking for C++ compiler version
configure:3665: g++ --version >&5
g++ (Ubuntu 6.2.0-5ubuntu12) 6.2.0 20161005
Copyright (C) 2016 Free Software Foundation, Inc.
This is free software; see the source for copying conditions.  There is NO
warranty; not even for MERCHANTABILITY or FITNESS FOR A PARTICULAR PURPOSE.

configure:3676: $? = 0
configure:3665: g++ -v >&5
Using built-in specs.
COLLECT_GCC=g++
COLLECT_LTO_WRAPPER=/usr/lib/gcc/x86_64-linux-gnu/6/lto-wrapper
Target: x86_64-linux-gnu
Configured with: ../src/configure -v --with-pkgversion='Ubuntu 6.2.0-5ubuntu12' --with-bugurl=file:///usr/share/doc/gcc-6/README.Bugs --enable-languages=c,ada,c++,java,go,d,fortran,objc,obj-c++ --prefix=/usr --program-suffix=-6 --program-prefix=x86_64-linux-gnu- --enable-shared --enable-linker-build-id --libexecdir=/usr/lib --without-included-gettext --enable-threads=posix --libdir=/usr/lib --enable-nls --with-sysroot=/ --enable-clocale=gnu --enable-libstdcxx-debug --enable-libstdcxx-time=yes --with-default-libstdcxx-abi=new --enable-gnu-unique-object --disable-vtable-verify --enable-libmpx --enable-plugin --enable-default-pie --with-system-zlib --disable-browser-plugin --enable-java-awt=gtk --enable-gtk-cairo --with-java-home=/usr/lib/jvm/java-1.5.0-gcj-6-amd64/jre --enable-java-home --with-jvm-root-dir=/usr/lib/jvm/java-1.5.0-gcj-6-amd64 --with-jvm-jar-dir=/usr/lib/jvm-exports/java-1.5.0-gcj-6-amd64 --with-arch-directory=amd64 --with-ecj-jar=/usr/share/java/eclipse-ecj.jar --enable-objc-gc --enable-multiarch --disable-werror --with-arch-32=i686 --with-abi=m64 --with-multilib-list=m32,m64,mx32 --enable-multilib --with-tune=generic --enable-checking=release --build=x86_64-linux-gnu --host=x86_64-linux-gnu --target=x86_64-linux-gnu
Thread model: posix
gcc version 6.2.0 20161005 (Ubuntu 6.2.0-5ubuntu12) 
configure:3676: $? = 0
configure:3665: g++ -V >&5
g++: error: unrecognized command line option '-V'
g++: fatal error: no input files
compilation terminated.
configure:3676: $? = 1
configure:3665: g++ -qversion >&5
g++: error: unrecognized command line option '-qversion'; did you mean '--version'?
g++: fatal error: no input files
compilation terminated.
configure:3676: $? = 1
configure:3680: checking whether we are using the GNU C++ compiler
configure:3699: g++ -c   conftest.cpp >&5
configure:3699: $? = 0
configure:3708: result: yes
configure:3717: checking whether g++ accepts -g
configure:3737: g++ -c -g  conftest.cpp >&5
configure:3737: $? = 0
configure:3778: result: yes
configure:3834: gcc -c   conftest.c >&5
configure:3834: $? = 0
configure:3858: gcc -c   conftest.c >&5
configure:3858: $? = 0
configure:3877: gcc -c   conftest.c >&5
conftest.c:11:2: error: #error Not a supported Sun compiler
 #error Not a supported Sun compiler
  ^~~~~
configure:3877: $? = 1
configure: failed program was:
| /* confdefs.h */
| #define PACKAGE_NAME "mongo-c-driver"
| #define PACKAGE_TARNAME "mongo-c-driver"
| #define PACKAGE_VERSION "1.6.1"
| #define PACKAGE_STRING "mongo-c-driver 1.6.1"
| #define PACKAGE_BUGREPORT "https://jira.mongodb.org/browse/CDRIVER"
| #define PACKAGE_URL ""
| /* end confdefs.h.  */
| 
| #if !(defined(__SUNPRO_C))
| #error Not a supported Sun compiler
| #endif
| 
| int
| main ()
| {
| 
|   ;
|   return 0;
| }
configure:3910: gcc -c   conftest.c >&5
configure:3910: $? = 0
configure:3918: checking for an ANSI C-conforming const
configure:3984: gcc -c   conftest.c >&5
configure:3984: $? = 0
configure:3991: result: yes
configure:3999: checking for inline
configure:4015: gcc -c   conftest.c >&5
configure:4015: $? = 0
configure:4023: result: inline
configure:4042: checking for typeof syntax and keyword spelling
configure:4073: gcc -c   conftest.c >&5
configure:4073: $? = 0
configure:4080: result: typeof
configure:4098: checking for perl
configure:4116: found /usr/bin/perl
configure:4128: result: /usr/bin/perl
configure:4142: checking for mv
configure:4160: found /bin/mv
configure:4172: result: /bin/mv
configure:4186: checking for grep
configure:4204: found /bin/grep
configure:4216: result: /bin/grep
configure:4233: checking how to run the C preprocessor
configure:4264: gcc -E  conftest.c
configure:4264: $? = 0
configure:4278: gcc -E  conftest.c
conftest.c:10:28: fatal error: ac_nonexistent.h: No such file or directory
 #include <ac_nonexistent.h>
                            ^
compilation terminated.
configure:4278: $? = 1
configure: failed program was:
| /* confdefs.h */
| #define PACKAGE_NAME "mongo-c-driver"
| #define PACKAGE_TARNAME "mongo-c-driver"
| #define PACKAGE_VERSION "1.6.1"
| #define PACKAGE_STRING "mongo-c-driver 1.6.1"
| #define PACKAGE_BUGREPORT "https://jira.mongodb.org/browse/CDRIVER"
| #define PACKAGE_URL ""
| #define HAVE_TYPEOF 1
| /* end confdefs.h.  */
| #include <ac_nonexistent.h>
configure:4303: result: gcc -E
configure:4323: gcc -E  conftest.c
configure:4323: $? = 0
configure:4337: gcc -E  conftest.c
conftest.c:10:28: fatal error: ac_nonexistent.h: No such file or directory
 #include <ac_nonexistent.h>
                            ^
compilation terminated.
configure:4337: $? = 1
configure: failed program was:
| /* confdefs.h */
| #define PACKAGE_NAME "mongo-c-driver"
| #define PACKAGE_TARNAME "mongo-c-driver"
| #define PACKAGE_VERSION "1.6.1"
| #define PACKAGE_STRING "mongo-c-driver 1.6.1"
| #define PACKAGE_BUGREPORT "https://jira.mongodb.org/browse/CDRIVER"
| #define PACKAGE_URL ""
| #define HAVE_TYPEOF 1
| /* end confdefs.h.  */
| #include <ac_nonexistent.h>
configure:4366: checking for grep that handles long lines and -e
configure:4424: result: /bin/grep
configure:4429: checking for egrep
configure:4491: result: /bin/grep -E
configure:4496: checking for ANSI C header files
configure:4516: gcc -c   conftest.c >&5
configure:4516: $? = 0
configure:4589: gcc -o conftest    conftest.c  >&5
configure:4589: $? = 0
configure:4589: ./conftest
configure:4589: $? = 0
configure:4600: result: yes
configure:4613: checking for sys/types.h
configure:4613: gcc -c   conftest.c >&5
configure:4613: $? = 0
configure:4613: result: yes
configure:4613: checking for sys/stat.h
configure:4613: gcc -c   conftest.c >&5
configure:4613: $? = 0
configure:4613: result: yes
configure:4613: checking for stdlib.h
configure:4613: gcc -c   conftest.c >&5
configure:4613: $? = 0
configure:4613: result: yes
configure:4613: checking for string.h
configure:4613: gcc -c   conftest.c >&5
configure:4613: $? = 0
configure:4613: result: yes
configure:4613: checking for memory.h
configure:4613: gcc -c   conftest.c >&5
configure:4613: $? = 0
configure:4613: result: yes
configure:4613: checking for strings.h
configure:4613: gcc -c   conftest.c >&5
configure:4613: $? = 0
configure:4613: result: yes
configure:4613: checking for inttypes.h
configure:4613: gcc -c   conftest.c >&5
configure:4613: $? = 0
configure:4613: result: yes
configure:4613: checking for stdint.h
configure:4613: gcc -c   conftest.c >&5
configure:4613: $? = 0
configure:4613: result: yes
configure:4613: checking for unistd.h
configure:4613: gcc -c   conftest.c >&5
configure:4613: $? = 0
configure:4613: result: yes
configure:4631: checking for strings.h
configure:4631: result: yes
configure:4649: checking for sphinx-build
configure:4682: result: no
configure:4702: checking for a BSD-compatible install
configure:4770: result: /usr/bin/install -c
configure:4787: checking build system type
configure:4801: result: x86_64-unknown-linux-gnu
configure:4821: checking host system type
configure:4834: result: x86_64-unknown-linux-gnu
configure:4909: checking target system type
configure:4922: result: x86_64-unknown-linux-gnu
configure:5363: checking how to print strings
configure:5390: result: printf
configure:5411: checking for a sed that does not truncate output
configure:5475: result: /bin/sed
configure:5493: checking for fgrep
configure:5555: result: /bin/grep -F
configure:5590: checking for ld used by gcc
configure:5657: result: /usr/bin/ld
configure:5664: checking if the linker (/usr/bin/ld) is GNU ld
configure:5679: result: yes
configure:5691: checking for BSD- or MS-compatible name lister (nm)
configure:5740: result: /usr/bin/nm -B
configure:5870: checking the name lister (/usr/bin/nm -B) interface
configure:5877: gcc -c   conftest.c >&5
configure:5880: /usr/bin/nm -B "conftest.o"
configure:5883: output
0000000000000000 B some_variable
configure:5890: result: BSD nm
configure:5893: checking whether ln -s works
configure:5897: result: yes
configure:5905: checking the maximum length of command line arguments
configure:6036: result: 1572864
configure:6053: checking whether the shell understands some XSI constructs
configure:6063: result: yes
configure:6067: checking whether the shell understands "+="
configure:6073: result: yes
configure:6108: checking how to convert x86_64-unknown-linux-gnu file names to x86_64-unknown-linux-gnu format
configure:6148: result: func_convert_file_noop
configure:6155: checking how to convert x86_64-unknown-linux-gnu file names to toolchain format
configure:6175: result: func_convert_file_noop
configure:6182: checking for /usr/bin/ld option to reload object files
configure:6189: result: -r
configure:6263: checking for objdump
configure:6290: result: objdump
configure:6319: checking how to recognize dependent libraries
configure:6517: result: pass_all
configure:6602: checking for dlltool
configure:6629: result: dlltool
configure:6659: checking how to associate runtime and link libraries
configure:6686: result: printf %s\n
configure:6746: checking for ar
configure:6762: found /usr/bin/ar
configure:6773: result: ar
configure:6810: checking for archiver @FILE support
configure:6827: gcc -c   conftest.c >&5
configure:6827: $? = 0
configure:6830: ar cru libconftest.a @conftest.lst >&5
ar: `u' modifier ignored since `D' is the default (see `U')
configure:6833: $? = 0
configure:6838: ar cru libconftest.a @conftest.lst >&5
ar: `u' modifier ignored since `D' is the default (see `U')
ar: conftest.o: No such file or directory
configure:6841: $? = 1
configure:6853: result: @
configure:6911: checking for strip
configure:6927: found /usr/bin/strip
configure:6938: result: strip
configure:7010: checking for ranlib
configure:7026: found /usr/bin/ranlib
configure:7037: result: ranlib
configure:7114: checking for gawk
configure:7144: result: no
configure:7114: checking for mawk
configure:7130: found /usr/bin/mawk
configure:7141: result: mawk
configure:7181: checking command to parse /usr/bin/nm -B output from gcc object
configure:7301: gcc -c   conftest.c >&5
configure:7304: $? = 0
configure:7308: /usr/bin/nm -B conftest.o \| sed -n -e 's/^.*[ ]\([ABCDGIRSTW][ABCDGIRSTW]*\)[ ][ ]*\([_A-Za-z][_A-Za-z0-9]*\)$/\1 \2 \2/p' | sed '/ __gnu_lto/d' \> conftest.nm
configure:7311: $? = 0
configure:7377: gcc -o conftest    conftest.c conftstm.o >&5
configure:7380: $? = 0
configure:7418: result: ok
configure:7455: checking for sysroot
configure:7485: result: no
configure:7562: gcc -c   conftest.c >&5
configure:7565: $? = 0
configure:7754: checking for mt
configure:7770: found /bin/mt
configure:7781: result: mt
configure:7804: checking if mt is a manifest tool
configure:7810: mt '-?'
configure:7818: result: no
configure:8457: checking for dlfcn.h
configure:8457: gcc -c   conftest.c >&5
configure:8457: $? = 0
configure:8457: result: yes
configure:8642: checking for objdir
configure:8657: result: .libs
configure:8928: checking if gcc supports -fno-rtti -fno-exceptions
configure:8946: gcc -c   -fno-rtti -fno-exceptions conftest.c >&5
cc1: warning: command line option '-fno-rtti' is valid for C++/ObjC++ but not for C
configure:8950: $? = 0
configure:8963: result: no
configure:9290: checking for gcc option to produce PIC
configure:9297: result: -fPIC -DPIC
configure:9305: checking if gcc PIC flag -fPIC -DPIC works
configure:9323: gcc -c   -fPIC -DPIC -DPIC conftest.c >&5
configure:9327: $? = 0
configure:9340: result: yes
configure:9369: checking if gcc static flag -static works
configure:9397: result: yes
configure:9412: checking if gcc supports -c -o file.o
configure:9433: gcc -c   -o out/conftest2.o conftest.c >&5
configure:9437: $? = 0
configure:9459: result: yes
configure:9467: checking if gcc supports -c -o file.o
configure:9514: result: yes
configure:9547: checking whether the gcc linker (/usr/bin/ld -m elf_x86_64) supports shared libraries
configure:10704: result: yes
configure:10741: checking whether -lc should be explicitly linked in
configure:10749: gcc -c   conftest.c >&5
configure:10752: $? = 0
configure:10767: gcc -shared  -fPIC -DPIC conftest.o  -v -Wl,-soname -Wl,conftest -o conftest 2\>\&1 \| /bin/grep  -lc  \>/dev/null 2\>\&1
configure:10770: $? = 0
configure:10784: result: no
configure:10944: checking dynamic linker characteristics
configure:11444: gcc -o conftest    -Wl,-rpath -Wl,/foo conftest.c  >&5
configure:11444: $? = 0
configure:11678: result: GNU/Linux ld.so
configure:11785: checking how to hardcode library paths into programs
configure:11810: result: immediate
configure:12350: checking whether stripping libraries is possible
configure:12355: result: yes
configure:12390: checking if libtool supports shared libraries
configure:12392: result: yes
configure:12395: checking whether to build shared libraries
configure:12416: result: yes
configure:12419: checking whether to build static libraries
configure:12423: result: yes
configure:12446: checking how to run the C++ preprocessor
configure:12473: g++ -E  conftest.cpp
configure:12473: $? = 0
configure:12487: g++ -E  conftest.cpp
conftest.cpp:23:28: fatal error: ac_nonexistent.h: No such file or directory
 #include <ac_nonexistent.h>
                            ^
compilation terminated.
configure:12487: $? = 1
configure: failed program was:
| /* confdefs.h */
| #define PACKAGE_NAME "mongo-c-driver"
| #define PACKAGE_TARNAME "mongo-c-driver"
| #define PACKAGE_VERSION "1.6.1"
| #define PACKAGE_STRING "mongo-c-driver 1.6.1"
| #define PACKAGE_BUGREPORT "https://jira.mongodb.org/browse/CDRIVER"
| #define PACKAGE_URL ""
| #define HAVE_TYPEOF 1
| #define STDC_HEADERS 1
| #define HAVE_SYS_TYPES_H 1
| #define HAVE_SYS_STAT_H 1
| #define HAVE_STDLIB_H 1
| #define HAVE_STRING_H 1
| #define HAVE_MEMORY_H 1
| #define HAVE_STRINGS_H 1
| #define HAVE_INTTYPES_H 1
| #define HAVE_STDINT_H 1
| #define HAVE_UNISTD_H 1
| #define HAVE_STRINGS_H 1
| #define HAVE_DLFCN_H 1
| #define LT_OBJDIR ".libs/"
| /* end confdefs.h.  */
| #include <ac_nonexistent.h>
configure:12512: result: g++ -E
configure:12532: g++ -E  conftest.cpp
configure:12532: $? = 0
configure:12546: g++ -E  conftest.cpp
conftest.cpp:23:28: fatal error: ac_nonexistent.h: No such file or directory
 #include <ac_nonexistent.h>
                            ^
compilation terminated.
configure:12546: $? = 1
configure: failed program was:
| /* confdefs.h */
| #define PACKAGE_NAME "mongo-c-driver"
| #define PACKAGE_TARNAME "mongo-c-driver"
| #define PACKAGE_VERSION "1.6.1"
| #define PACKAGE_STRING "mongo-c-driver 1.6.1"
| #define PACKAGE_BUGREPORT "https://jira.mongodb.org/browse/CDRIVER"
| #define PACKAGE_URL ""
| #define HAVE_TYPEOF 1
| #define STDC_HEADERS 1
| #define HAVE_SYS_TYPES_H 1
| #define HAVE_SYS_STAT_H 1
| #define HAVE_STDLIB_H 1
| #define HAVE_STRING_H 1
| #define HAVE_MEMORY_H 1
| #define HAVE_STRINGS_H 1
| #define HAVE_INTTYPES_H 1
| #define HAVE_STDINT_H 1
| #define HAVE_UNISTD_H 1
| #define HAVE_STRINGS_H 1
| #define HAVE_DLFCN_H 1
| #define LT_OBJDIR ".libs/"
| /* end confdefs.h.  */
| #include <ac_nonexistent.h>
configure:12715: checking for ld used by g++
configure:12782: result: /usr/bin/ld -m elf_x86_64
configure:12789: checking if the linker (/usr/bin/ld -m elf_x86_64) is GNU ld
configure:12804: result: yes
configure:12859: checking whether the g++ linker (/usr/bin/ld -m elf_x86_64) supports shared libraries
configure:13861: result: yes
configure:13897: g++ -c   conftest.cpp >&5
configure:13900: $? = 0
configure:14420: checking for g++ option to produce PIC
configure:14427: result: -fPIC -DPIC
configure:14435: checking if g++ PIC flag -fPIC -DPIC works
configure:14453: g++ -c   -fPIC -DPIC -DPIC conftest.cpp >&5
configure:14457: $? = 0
configure:14470: result: yes
configure:14493: checking if g++ static flag -static works
configure:14521: result: yes
configure:14533: checking if g++ supports -c -o file.o
configure:14554: g++ -c   -o out/conftest2.o conftest.cpp >&5
configure:14558: $? = 0
configure:14580: result: yes
configure:14585: checking if g++ supports -c -o file.o
configure:14632: result: yes
configure:14662: checking whether the g++ linker (/usr/bin/ld -m elf_x86_64) supports shared libraries
configure:14701: result: yes
configure:14842: checking dynamic linker characteristics
configure:15510: result: GNU/Linux ld.so
configure:15563: checking how to hardcode library paths into programs
configure:15588: result: immediate
configure:15652: checking whether to do a debug build
configure:15661: result: no
configure:15664: checking whether to enable tracing
configure:15673: result: no
configure:15676: checking whether to automatic init and cleanup
configure:15685: result: yes
configure:15688: checking whether to enable optimized builds
configure:15703: result: yes
configure:15706: checking whether to enable shared memory performance counters
configure:15715: result: yes
configure:15718: checking whether to enable code coverage support
configure:15727: result: no
configure:15730: checking whether to enable debug symbols
configure:15751: result: no
configure:15886: checking for pkg-config
configure:15904: found /usr/bin/pkg-config
configure:15916: result: /usr/bin/pkg-config
configure:15941: checking pkg-config is at least version 0.9.0
configure:15944: result: yes
configure:15956: checking for SASL
configure:15963: $PKG_CONFIG --exists --print-errors "libsasl2"
Package libsasl2 was not found in the pkg-config search path.
Perhaps you should add the directory containing `libsasl2.pc'
to the PKG_CONFIG_PATH environment variable
No package 'libsasl2' found
configure:15966: $? = 1
configure:15980: $PKG_CONFIG --exists --print-errors "libsasl2"
Package libsasl2 was not found in the pkg-config search path.
Perhaps you should add the directory containing `libsasl2.pc'
to the PKG_CONFIG_PATH environment variable
No package 'libsasl2' found
configure:15983: $? = 1
configure:15997: result: no
No package 'libsasl2' found
configure:16016: checking for sasl_client_init in -lsasl2
configure:16041: gcc -o conftest    conftest.c -lsasl2   >&5
/usr/bin/ld: cannot find -lsasl2
collect2: error: ld returned 1 exit status
configure:16041: $? = 1
configure: failed program was:
| /* confdefs.h */
| #define PACKAGE_NAME "mongo-c-driver"
| #define PACKAGE_TARNAME "mongo-c-driver"
| #define PACKAGE_VERSION "1.6.1"
| #define PACKAGE_STRING "mongo-c-driver 1.6.1"
| #define PACKAGE_BUGREPORT "https://jira.mongodb.org/browse/CDRIVER"
| #define PACKAGE_URL ""
| #define HAVE_TYPEOF 1
| #define STDC_HEADERS 1
| #define HAVE_SYS_TYPES_H 1
| #define HAVE_SYS_STAT_H 1
| #define HAVE_STDLIB_H 1
| #define HAVE_STRING_H 1
| #define HAVE_MEMORY_H 1
| #define HAVE_STRINGS_H 1
| #define HAVE_INTTYPES_H 1
| #define HAVE_STDINT_H 1
| #define HAVE_UNISTD_H 1
| #define HAVE_STRINGS_H 1
| #define HAVE_DLFCN_H 1
| #define LT_OBJDIR ".libs/"
| /* end confdefs.h.  */
| 
| /* Override any GCC internal prototype to avoid an error.
|    Use char because int might match the return type of a GCC
|    builtin and then its argument prototype would still apply.  */
| #ifdef __cplusplus
| extern "C"
| #endif
| char sasl_client_init ();
| int
| main ()
| {
| return sasl_client_init ();
|   ;
|   return 0;
| }
configure:16050: result: no
configure:16058: checking for sasl_client_init in -lsasl
configure:16083: gcc -o conftest    conftest.c -lsasl   >&5
/usr/bin/ld: cannot find -lsasl
collect2: error: ld returned 1 exit status
configure:16083: $? = 1
configure: failed program was:
| /* confdefs.h */
| #define PACKAGE_NAME "mongo-c-driver"
| #define PACKAGE_TARNAME "mongo-c-driver"
| #define PACKAGE_VERSION "1.6.1"
| #define PACKAGE_STRING "mongo-c-driver 1.6.1"
| #define PACKAGE_BUGREPORT "https://jira.mongodb.org/browse/CDRIVER"
| #define PACKAGE_URL ""
| #define HAVE_TYPEOF 1
| #define STDC_HEADERS 1
| #define HAVE_SYS_TYPES_H 1
| #define HAVE_SYS_STAT_H 1
| #define HAVE_STDLIB_H 1
| #define HAVE_STRING_H 1
| #define HAVE_MEMORY_H 1
| #define HAVE_STRINGS_H 1
| #define HAVE_INTTYPES_H 1
| #define HAVE_STDINT_H 1
| #define HAVE_UNISTD_H 1
| #define HAVE_STRINGS_H 1
| #define HAVE_DLFCN_H 1
| #define LT_OBJDIR ".libs/"
| /* end confdefs.h.  */
| 
| /* Override any GCC internal prototype to avoid an error.
|    Use char because int might match the return type of a GCC
|    builtin and then its argument prototype would still apply.  */
| #ifdef __cplusplus
| extern "C"
| #endif
| char sasl_client_init ();
| int
| main ()
| {
| return sasl_client_init ();
|   ;
|   return 0;
| }
configure:16092: result: no
configure:16106: checking sasl/sasl.h usability
configure:16106: gcc -c   conftest.c >&5
conftest.c:56:23: fatal error: sasl/sasl.h: No such file or directory
 #include <sasl/sasl.h>
                       ^
compilation terminated.
configure:16106: $? = 1
configure: failed program was:
| /* confdefs.h */
| #define PACKAGE_NAME "mongo-c-driver"
| #define PACKAGE_TARNAME "mongo-c-driver"
| #define PACKAGE_VERSION "1.6.1"
| #define PACKAGE_STRING "mongo-c-driver 1.6.1"
| #define PACKAGE_BUGREPORT "https://jira.mongodb.org/browse/CDRIVER"
| #define PACKAGE_URL ""
| #define HAVE_TYPEOF 1
| #define STDC_HEADERS 1
| #define HAVE_SYS_TYPES_H 1
| #define HAVE_SYS_STAT_H 1
| #define HAVE_STDLIB_H 1
| #define HAVE_STRING_H 1
| #define HAVE_MEMORY_H 1
| #define HAVE_STRINGS_H 1
| #define HAVE_INTTYPES_H 1
| #define HAVE_STDINT_H 1
| #define HAVE_UNISTD_H 1
| #define HAVE_STRINGS_H 1
| #define HAVE_DLFCN_H 1
| #define LT_OBJDIR ".libs/"
| /* end confdefs.h.  */
| #include <stdio.h>
| #ifdef HAVE_SYS_TYPES_H
| # include <sys/types.h>
| #endif
| #ifdef HAVE_SYS_STAT_H
| # include <sys/stat.h>
| #endif
| #ifdef STDC_HEADERS
| # include <stdlib.h>
| # include <stddef.h>
| #else
| # ifdef HAVE_STDLIB_H
| #  include <stdlib.h>
| # endif
| #endif
| #ifdef HAVE_STRING_H
| # if !defined STDC_HEADERS && defined HAVE_MEMORY_H
| #  include <memory.h>
| # endif
| # include <string.h>
| #endif
| #ifdef HAVE_STRINGS_H
| # include <strings.h>
| #endif
| #ifdef HAVE_INTTYPES_H
| # include <inttypes.h>
| #endif
| #ifdef HAVE_STDINT_H
| # include <stdint.h>
| #endif
| #ifdef HAVE_UNISTD_H
| # include <unistd.h>
| #endif
| #include <sasl/sasl.h>
configure:16106: result: no
configure:16106: checking sasl/sasl.h presence
configure:16106: gcc -E  conftest.c
conftest.c:23:23: fatal error: sasl/sasl.h: No such file or directory
 #include <sasl/sasl.h>
                       ^
compilation terminated.
configure:16106: $? = 1
configure: failed program was:
| /* confdefs.h */
| #define PACKAGE_NAME "mongo-c-driver"
| #define PACKAGE_TARNAME "mongo-c-driver"
| #define PACKAGE_VERSION "1.6.1"
| #define PACKAGE_STRING "mongo-c-driver 1.6.1"
| #define PACKAGE_BUGREPORT "https://jira.mongodb.org/browse/CDRIVER"
| #define PACKAGE_URL ""
| #define HAVE_TYPEOF 1
| #define STDC_HEADERS 1
| #define HAVE_SYS_TYPES_H 1
| #define HAVE_SYS_STAT_H 1
| #define HAVE_STDLIB_H 1
| #define HAVE_STRING_H 1
| #define HAVE_MEMORY_H 1
| #define HAVE_STRINGS_H 1
| #define HAVE_INTTYPES_H 1
| #define HAVE_STDINT_H 1
| #define HAVE_UNISTD_H 1
| #define HAVE_STRINGS_H 1
| #define HAVE_DLFCN_H 1
| #define LT_OBJDIR ".libs/"
| /* end confdefs.h.  */
| #include <sasl/sasl.h>
configure:16106: result: no
configure:16106: checking for sasl/sasl.h
configure:16106: result: no
configure:16365: checking whether to enable crypto and TLS
configure:16374: result: auto
configure:16377: checking whether to use system crypto profile
configure:16386: result: no
configure:16395: checking for SSL
configure:16402: $PKG_CONFIG --exists --print-errors "openssl"
configure:16405: $? = 0
configure:16419: $PKG_CONFIG --exists --print-errors "openssl"
configure:16422: $? = 0
configure:16658: result: yes
configure:16719: checking openssl/bio.h usability
configure:16719: gcc -c   conftest.c >&5
configure:16719: $? = 0
configure:16719: result: yes
configure:16719: checking openssl/bio.h presence
configure:16719: gcc -E  conftest.c
configure:16719: $? = 0
configure:16719: result: yes
configure:16719: checking for openssl/bio.h
configure:16719: result: yes
configure:16719: checking openssl/ssl.h usability
configure:16719: gcc -c   conftest.c >&5
configure:16719: $? = 0
configure:16719: result: yes
configure:16719: checking openssl/ssl.h presence
configure:16719: gcc -E  conftest.c
configure:16719: $? = 0
configure:16719: result: yes
configure:16719: checking for openssl/ssl.h
configure:16719: result: yes
configure:16719: checking openssl/err.h usability
configure:16719: gcc -c   conftest.c >&5
configure:16719: $? = 0
configure:16719: result: yes
configure:16719: checking openssl/err.h presence
configure:16719: gcc -E  conftest.c
configure:16719: $? = 0
configure:16719: result: yes
configure:16719: checking for openssl/err.h
configure:16719: result: yes
configure:16719: checking openssl/crypto.h usability
configure:16719: gcc -c   conftest.c >&5
configure:16719: $? = 0
configure:16719: result: yes
configure:16719: checking openssl/crypto.h presence
configure:16719: gcc -E  conftest.c
configure:16719: $? = 0
configure:16719: result: yes
configure:16719: checking for openssl/crypto.h
configure:16719: result: yes
configure:16753: checking which TLS library to use
configure:16755: result: openssl
configure:16928: checking for BSON
configure:16935: $PKG_CONFIG --exists --print-errors "libbson-1.0 >= $MONGOC_RELEASED_VERSION"
configure:16938: $? = 0
configure:16952: $PKG_CONFIG --exists --print-errors "libbson-1.0 >= $MONGOC_RELEASED_VERSION"
configure:16955: $? = 0
configure:16993: result: yes
configure:17010: checking for shm_open
configure:17010: gcc -o conftest    conftest.c  >&5
/tmp/ccOjUhjY.o: In function `main':
conftest.c:(.text+0xa): undefined reference to `shm_open'
collect2: error: ld returned 1 exit status
configure:17010: $? = 1
configure: failed program was:
| /* confdefs.h */
| #define PACKAGE_NAME "mongo-c-driver"
| #define PACKAGE_TARNAME "mongo-c-driver"
| #define PACKAGE_VERSION "1.6.1"
| #define PACKAGE_STRING "mongo-c-driver 1.6.1"
| #define PACKAGE_BUGREPORT "https://jira.mongodb.org/browse/CDRIVER"
| #define PACKAGE_URL ""
| #define HAVE_TYPEOF 1
| #define STDC_HEADERS 1
| #define HAVE_SYS_TYPES_H 1
| #define HAVE_SYS_STAT_H 1
| #define HAVE_STDLIB_H 1
| #define HAVE_STRING_H 1
| #define HAVE_MEMORY_H 1
| #define HAVE_STRINGS_H 1
| #define HAVE_INTTYPES_H 1
| #define HAVE_STDINT_H 1
| #define HAVE_UNISTD_H 1
| #define HAVE_STRINGS_H 1
| #define HAVE_DLFCN_H 1
| #define LT_OBJDIR ".libs/"
| #define HAVE_OPENSSL_BIO_H 1
| #define HAVE_OPENSSL_SSL_H 1
| #define HAVE_OPENSSL_ERR_H 1
| #define HAVE_OPENSSL_CRYPTO_H 1
| /* end confdefs.h.  */
| /* Define shm_open to an innocuous variant, in case <limits.h> declares shm_open.
|    For example, HP-UX 11i <limits.h> declares gettimeofday.  */
| #define shm_open innocuous_shm_open
| 
| /* System header to define __stub macros and hopefully few prototypes,
|     which can conflict with char shm_open (); below.
|     Prefer <limits.h> to <assert.h> if __STDC__ is defined, since
|     <limits.h> exists even on freestanding compilers.  */
| 
| #ifdef __STDC__
| # include <limits.h>
| #else
| # include <assert.h>
| #endif
| 
| #undef shm_open
| 
| /* Override any GCC internal prototype to avoid an error.
|    Use char because int might match the return type of a GCC
|    builtin and then its argument prototype would still apply.  */
| #ifdef __cplusplus
| extern "C"
| #endif
| char shm_open ();
| /* The GNU C library defines this for functions which it implements
|     to always fail with ENOSYS.  Some functions are actually named
|     something starting with __ and the normal name is an alias.  */
| #if defined __stub_shm_open || defined __stub___shm_open
| choke me
| #endif
| 
| int
| main ()
| {
| return shm_open ();
|   ;
|   return 0;
| }
configure:17010: result: no
configure:17017: checking for shm_open in -lrt
configure:17042: gcc -o conftest    conftest.c -lrt   >&5
configure:17042: $? = 0
configure:17051: result: yes
configure:17067: checking for sched_getcpu
configure:17067: gcc -o conftest    conftest.c  >&5
configure:17067: $? = 0
configure:17067: result: yes
configure:17078: checking for library containing clock_gettime
configure:17109: gcc -o conftest    conftest.c  >&5
configure:17109: $? = 0
configure:17126: result: none required
configure:17150: checking for socklen_t
configure:17150: gcc -c   -DMONGOC_ENABLE_SHM_COUNTERS conftest.c >&5
configure:17150: $? = 0
configure:17150: gcc -c   -DMONGOC_ENABLE_SHM_COUNTERS conftest.c >&5
conftest.c: In function 'main':
conftest.c:34:24: error: expected expression before ')' token
 if (sizeof ((socklen_t)))
                        ^
configure:17150: $? = 1
configure: failed program was:
| /* confdefs.h */
| #define PACKAGE_NAME "mongo-c-driver"
| #define PACKAGE_TARNAME "mongo-c-driver"
| #define PACKAGE_VERSION "1.6.1"
| #define PACKAGE_STRING "mongo-c-driver 1.6.1"
| #define PACKAGE_BUGREPORT "https://jira.mongodb.org/browse/CDRIVER"
| #define PACKAGE_URL ""
| #define HAVE_TYPEOF 1
| #define STDC_HEADERS 1
| #define HAVE_SYS_TYPES_H 1
| #define HAVE_SYS_STAT_H 1
| #define HAVE_STDLIB_H 1
| #define HAVE_STRING_H 1
| #define HAVE_MEMORY_H 1
| #define HAVE_STRINGS_H 1
| #define HAVE_INTTYPES_H 1
| #define HAVE_STDINT_H 1
| #define HAVE_UNISTD_H 1
| #define HAVE_STRINGS_H 1
| #define HAVE_DLFCN_H 1
| #define LT_OBJDIR ".libs/"
| #define HAVE_OPENSSL_BIO_H 1
| #define HAVE_OPENSSL_SSL_H 1
| #define HAVE_OPENSSL_ERR_H 1
| #define HAVE_OPENSSL_CRYPTO_H 1
| #define HAVE_SCHED_GETCPU 1
| #define HAVE_CLOCK_GETTIME 1
| /* end confdefs.h.  */
| #include <sys/socket.h>
| 
| int
| main ()
| {
| if (sizeof ((socklen_t)))
| 	    return 0;
|   ;
|   return 0;
| }
configure:17150: result: yes
configure:17273: checking if compiler needs -Werror to reject unknown flags
configure:17289: gcc -c  -Werror -Wunknown-warning-option -Wsizeof-array-argument  -DMONGOC_ENABLE_SHM_COUNTERS conftest.c >&5
gcc: error: unrecognized command line option '-Wunknown-warning-option'; did you mean '-Wno-warning-token'?
configure:17289: $? = 1
configure: failed program was:
| /* confdefs.h */
| #define PACKAGE_NAME "mongo-c-driver"
| #define PACKAGE_TARNAME "mongo-c-driver"
| #define PACKAGE_VERSION "1.6.1"
| #define PACKAGE_STRING "mongo-c-driver 1.6.1"
| #define PACKAGE_BUGREPORT "https://jira.mongodb.org/browse/CDRIVER"
| #define PACKAGE_URL ""
| #define HAVE_TYPEOF 1
| #define STDC_HEADERS 1
| #define HAVE_SYS_TYPES_H 1
| #define HAVE_SYS_STAT_H 1
| #define HAVE_STDLIB_H 1
| #define HAVE_STRING_H 1
| #define HAVE_MEMORY_H 1
| #define HAVE_STRINGS_H 1
| #define HAVE_INTTYPES_H 1
| #define HAVE_STDINT_H 1
| #define HAVE_UNISTD_H 1
| #define HAVE_STRINGS_H 1
| #define HAVE_DLFCN_H 1
| #define LT_OBJDIR ".libs/"
| #define HAVE_OPENSSL_BIO_H 1
| #define HAVE_OPENSSL_SSL_H 1
| #define HAVE_OPENSSL_ERR_H 1
| #define HAVE_OPENSSL_CRYPTO_H 1
| #define HAVE_SCHED_GETCPU 1
| #define HAVE_CLOCK_GETTIME 1
| /* end confdefs.h.  */
| int foo(void);
| int
| main ()
| {
| foo()
|   ;
|   return 0;
| }
configure:17294: result: no
configure:17360: checking for the pthreads library -lpthreads
configure:17398: gcc -o conftest     -DMONGOC_ENABLE_SHM_COUNTERS  conftest.c -lpthreads  >&5
/usr/bin/ld: cannot find -lpthreads
collect2: error: ld returned 1 exit status
configure:17398: $? = 1
configure: failed program was:
| /* confdefs.h */
| #define PACKAGE_NAME "mongo-c-driver"
| #define PACKAGE_TARNAME "mongo-c-driver"
| #define PACKAGE_VERSION "1.6.1"
| #define PACKAGE_STRING "mongo-c-driver 1.6.1"
| #define PACKAGE_BUGREPORT "https://jira.mongodb.org/browse/CDRIVER"
| #define PACKAGE_URL ""
| #define HAVE_TYPEOF 1
| #define STDC_HEADERS 1
| #define HAVE_SYS_TYPES_H 1
| #define HAVE_SYS_STAT_H 1
| #define HAVE_STDLIB_H 1
| #define HAVE_STRING_H 1
| #define HAVE_MEMORY_H 1
| #define HAVE_STRINGS_H 1
| #define HAVE_INTTYPES_H 1
| #define HAVE_STDINT_H 1
| #define HAVE_UNISTD_H 1
| #define HAVE_STRINGS_H 1
| #define HAVE_DLFCN_H 1
| #define LT_OBJDIR ".libs/"
| #define HAVE_OPENSSL_BIO_H 1
| #define HAVE_OPENSSL_SSL_H 1
| #define HAVE_OPENSSL_ERR_H 1
| #define HAVE_OPENSSL_CRYPTO_H 1
| #define HAVE_SCHED_GETCPU 1
| #define HAVE_CLOCK_GETTIME 1
| /* end confdefs.h.  */
| #include <pthread.h>
|                         static void routine(void *a) { a = 0; }
|                         static void *start_routine(void *a) { return a; }
| int
| main ()
| {
| pthread_t th; pthread_attr_t attr;
|                         pthread_create(&th, 0, start_routine, 0);
|                         pthread_join(th, 0);
|                         pthread_attr_init(&attr);
|                         pthread_cleanup_push(routine, 0);
|                         pthread_cleanup_pop(0) /* ; */
|   ;
|   return 0;
| }
configure:17407: result: no
configure:17305: checking whether pthreads work without any flags
configure:17398: gcc -o conftest     -DMONGOC_ENABLE_SHM_COUNTERS  conftest.c   >&5
/tmp/ccvVhN8b.o: In function `main':
conftest.c:(.text+0x57): undefined reference to `pthread_create'
conftest.c:(.text+0x6b): undefined reference to `pthread_join'
conftest.c:(.text+0xe2): undefined reference to `__pthread_register_cancel'
conftest.c:(.text+0xee): undefined reference to `__pthread_unregister_cancel'
collect2: error: ld returned 1 exit status
configure:17398: $? = 1
configure: failed program was:
| /* confdefs.h */
| #define PACKAGE_NAME "mongo-c-driver"
| #define PACKAGE_TARNAME "mongo-c-driver"
| #define PACKAGE_VERSION "1.6.1"
| #define PACKAGE_STRING "mongo-c-driver 1.6.1"
| #define PACKAGE_BUGREPORT "https://jira.mongodb.org/browse/CDRIVER"
| #define PACKAGE_URL ""
| #define HAVE_TYPEOF 1
| #define STDC_HEADERS 1
| #define HAVE_SYS_TYPES_H 1
| #define HAVE_SYS_STAT_H 1
| #define HAVE_STDLIB_H 1
| #define HAVE_STRING_H 1
| #define HAVE_MEMORY_H 1
| #define HAVE_STRINGS_H 1
| #define HAVE_INTTYPES_H 1
| #define HAVE_STDINT_H 1
| #define HAVE_UNISTD_H 1
| #define HAVE_STRINGS_H 1
| #define HAVE_DLFCN_H 1
| #define LT_OBJDIR ".libs/"
| #define HAVE_OPENSSL_BIO_H 1
| #define HAVE_OPENSSL_SSL_H 1
| #define HAVE_OPENSSL_ERR_H 1
| #define HAVE_OPENSSL_CRYPTO_H 1
| #define HAVE_SCHED_GETCPU 1
| #define HAVE_CLOCK_GETTIME 1
| /* end confdefs.h.  */
| #include <pthread.h>
|                         static void routine(void *a) { a = 0; }
|                         static void *start_routine(void *a) { return a; }
| int
| main ()
| {
| pthread_t th; pthread_attr_t attr;
|                         pthread_create(&th, 0, start_routine, 0);
|                         pthread_join(th, 0);
|                         pthread_attr_init(&attr);
|                         pthread_cleanup_push(routine, 0);
|                         pthread_cleanup_pop(0) /* ; */
|   ;
|   return 0;
| }
configure:17407: result: no
configure:17310: checking whether pthreads work with -Kthread
configure:17398: gcc -o conftest  -Kthread   -DMONGOC_ENABLE_SHM_COUNTERS  conftest.c   >&5
gcc: error: unrecognized command line option '-Kthread'; did you mean '-pthread'?
configure:17398: $? = 1
configure: failed program was:
| /* confdefs.h */
| #define PACKAGE_NAME "mongo-c-driver"
| #define PACKAGE_TARNAME "mongo-c-driver"
| #define PACKAGE_VERSION "1.6.1"
| #define PACKAGE_STRING "mongo-c-driver 1.6.1"
| #define PACKAGE_BUGREPORT "https://jira.mongodb.org/browse/CDRIVER"
| #define PACKAGE_URL ""
| #define HAVE_TYPEOF 1
| #define STDC_HEADERS 1
| #define HAVE_SYS_TYPES_H 1
| #define HAVE_SYS_STAT_H 1
| #define HAVE_STDLIB_H 1
| #define HAVE_STRING_H 1
| #define HAVE_MEMORY_H 1
| #define HAVE_STRINGS_H 1
| #define HAVE_INTTYPES_H 1
| #define HAVE_STDINT_H 1
| #define HAVE_UNISTD_H 1
| #define HAVE_STRINGS_H 1
| #define HAVE_DLFCN_H 1
| #define LT_OBJDIR ".libs/"
| #define HAVE_OPENSSL_BIO_H 1
| #define HAVE_OPENSSL_SSL_H 1
| #define HAVE_OPENSSL_ERR_H 1
| #define HAVE_OPENSSL_CRYPTO_H 1
| #define HAVE_SCHED_GETCPU 1
| #define HAVE_CLOCK_GETTIME 1
| /* end confdefs.h.  */
| #include <pthread.h>
|                         static void routine(void *a) { a = 0; }
|                         static void *start_routine(void *a) { return a; }
| int
| main ()
| {
| pthread_t th; pthread_attr_t attr;
|                         pthread_create(&th, 0, start_routine, 0);
|                         pthread_join(th, 0);
|                         pthread_attr_init(&attr);
|                         pthread_cleanup_push(routine, 0);
|                         pthread_cleanup_pop(0) /* ; */
|   ;
|   return 0;
| }
configure:17407: result: no
configure:17310: checking whether pthreads work with -kthread
configure:17398: gcc -o conftest  -kthread   -DMONGOC_ENABLE_SHM_COUNTERS  conftest.c   >&5
gcc: error: unrecognized command line option '-kthread'; did you mean '-pthread'?
configure:17398: $? = 1
configure: failed program was:
| /* confdefs.h */
| #define PACKAGE_NAME "mongo-c-driver"
| #define PACKAGE_TARNAME "mongo-c-driver"
| #define PACKAGE_VERSION "1.6.1"
| #define PACKAGE_STRING "mongo-c-driver 1.6.1"
| #define PACKAGE_BUGREPORT "https://jira.mongodb.org/browse/CDRIVER"
| #define PACKAGE_URL ""
| #define HAVE_TYPEOF 1
| #define STDC_HEADERS 1
| #define HAVE_SYS_TYPES_H 1
| #define HAVE_SYS_STAT_H 1
| #define HAVE_STDLIB_H 1
| #define HAVE_STRING_H 1
| #define HAVE_MEMORY_H 1
| #define HAVE_STRINGS_H 1
| #define HAVE_INTTYPES_H 1
| #define HAVE_STDINT_H 1
| #define HAVE_UNISTD_H 1
| #define HAVE_STRINGS_H 1
| #define HAVE_DLFCN_H 1
| #define LT_OBJDIR ".libs/"
| #define HAVE_OPENSSL_BIO_H 1
| #define HAVE_OPENSSL_SSL_H 1
| #define HAVE_OPENSSL_ERR_H 1
| #define HAVE_OPENSSL_CRYPTO_H 1
| #define HAVE_SCHED_GETCPU 1
| #define HAVE_CLOCK_GETTIME 1
| /* end confdefs.h.  */
| #include <pthread.h>
|                         static void routine(void *a) { a = 0; }
|                         static void *start_routine(void *a) { return a; }
| int
| main ()
| {
| pthread_t th; pthread_attr_t attr;
|                         pthread_create(&th, 0, start_routine, 0);
|                         pthread_join(th, 0);
|                         pthread_attr_init(&attr);
|                         pthread_cleanup_push(routine, 0);
|                         pthread_cleanup_pop(0) /* ; */
|   ;
|   return 0;
| }
configure:17407: result: no
configure:17360: checking for the pthreads library -llthread
configure:17398: gcc -o conftest     -DMONGOC_ENABLE_SHM_COUNTERS  conftest.c -llthread  >&5
/usr/bin/ld: cannot find -llthread
collect2: error: ld returned 1 exit status
configure:17398: $? = 1
configure: failed program was:
| /* confdefs.h */
| #define PACKAGE_NAME "mongo-c-driver"
| #define PACKAGE_TARNAME "mongo-c-driver"
| #define PACKAGE_VERSION "1.6.1"
| #define PACKAGE_STRING "mongo-c-driver 1.6.1"
| #define PACKAGE_BUGREPORT "https://jira.mongodb.org/browse/CDRIVER"
| #define PACKAGE_URL ""
| #define HAVE_TYPEOF 1
| #define STDC_HEADERS 1
| #define HAVE_SYS_TYPES_H 1
| #define HAVE_SYS_STAT_H 1
| #define HAVE_STDLIB_H 1
| #define HAVE_STRING_H 1
| #define HAVE_MEMORY_H 1
| #define HAVE_STRINGS_H 1
| #define HAVE_INTTYPES_H 1
| #define HAVE_STDINT_H 1
| #define HAVE_UNISTD_H 1
| #define HAVE_STRINGS_H 1
| #define HAVE_DLFCN_H 1
| #define LT_OBJDIR ".libs/"
| #define HAVE_OPENSSL_BIO_H 1
| #define HAVE_OPENSSL_SSL_H 1
| #define HAVE_OPENSSL_ERR_H 1
| #define HAVE_OPENSSL_CRYPTO_H 1
| #define HAVE_SCHED_GETCPU 1
| #define HAVE_CLOCK_GETTIME 1
| /* end confdefs.h.  */
| #include <pthread.h>
|                         static void routine(void *a) { a = 0; }
|                         static void *start_routine(void *a) { return a; }
| int
| main ()
| {
| pthread_t th; pthread_attr_t attr;
|                         pthread_create(&th, 0, start_routine, 0);
|                         pthread_join(th, 0);
|                         pthread_attr_init(&attr);
|                         pthread_cleanup_push(routine, 0);
|                         pthread_cleanup_pop(0) /* ; */
|   ;
|   return 0;
| }
configure:17407: result: no
configure:17310: checking whether pthreads work with -pthread
configure:17398: gcc -o conftest  -pthread   -DMONGOC_ENABLE_SHM_COUNTERS  conftest.c   >&5
configure:17398: $? = 0
configure:17407: result: yes
configure:17426: checking for joinable pthread attribute
configure:17441: gcc -o conftest  -pthread  -DMONGOC_ENABLE_SHM_COUNTERS  conftest.c   >&5
configure:17441: $? = 0
configure:17447: result: PTHREAD_CREATE_JOINABLE
configure:17457: checking if more special flags are required for pthreads
configure:17472: result: no
configure:17478: checking for PTHREAD_PRIO_INHERIT
configure:17495: gcc -o conftest  -pthread  -DMONGOC_ENABLE_SHM_COUNTERS  conftest.c   >&5
configure:17495: $? = 0
configure:17504: result: yes
configure:18504: checking whether the linker accepts -Wl,-Bsymbolic
configure:18523: gcc -o conftest   -DMONGOC_ENABLE_SHM_COUNTERS  -Werror  -Wl,-Bsymbolic conftest.c  >&5
configure:18523: $? = 0
configure:18532: result: yes
configure:18572: checking if weak symbols are supported
configure:18589: gcc -o conftest  -O2  -DMONGOC_ENABLE_SHM_COUNTERS  conftest.c  >&5
configure:18589: $? = 0
configure:18590: result: yes
configure:18622: checking whether build environment is sane
configure:18677: result: yes
configure:18825: checking for a thread-safe mkdir -p
configure:18864: result: /bin/mkdir -p
configure:18867: checking whether make sets $(MAKE)
configure:18889: result: yes
configure:18919: checking for style of include used by make
configure:18947: result: GNU
configure:18981: checking whether make supports nested variables
configure:18998: result: yes
configure:19087: checking whether UID '0' is supported by ustar format
configure:19090: result: yes
configure:19097: checking whether GID '0' is supported by ustar format
configure:19100: result: yes
configure:19108: checking how to create a ustar tar archive
configure:19119: tar --version
tar (GNU tar) 1.29
Copyright (C) 2015 Free Software Foundation, Inc.
License GPLv3+: GNU GPL version 3 or later <http://gnu.org/licenses/gpl.html>.
This is free software: you are free to change and redistribute it.
There is NO WARRANTY, to the extent permitted by law.

Written by John Gilmore and Jay Fenlason.
configure:19122: $? = 0
configure:19162: tardir=conftest.dir && eval tar --format=ustar -chf - "$tardir" >conftest.tar
configure:19165: $? = 0
configure:19169: tar -xf - <conftest.tar
configure:19172: $? = 0
configure:19174: cat conftest.dir/file
GrepMe
configure:19177: $? = 0
configure:19190: result: gnutar
configure:19199: checking dependency style of gcc
configure:19310: result: gcc3
configure:19327: checking dependency style of g++
configure:19438: result: gcc3
configure:19506: checking whether make supports nested variables
configure:19523: result: yes
configure:19792: checking for BSON
configure:19873: result: yes
configure:20083: checking that generated files are newer than configure
configure:20089: result: done
configure:20188: creating ./config.status

## ---------------------- ##
## Running config.status. ##
## ---------------------- ##

This file was extended by mongo-c-driver config.status 1.6.1, which was
generated by GNU Autoconf 2.69.  Invocation command line was

  CONFIG_FILES    = 
  CONFIG_HEADERS  = 
  CONFIG_LINKS    = 
  CONFIG_COMMANDS = 
  $ ./config.status 

on pan-pc

config.status:1192: creating Makefile
config.status:1192: creating src/libmongoc-1.0.pc
config.status:1192: creating src/libmongoc-ssl-1.0.pc
config.status:1192: creating src/mongoc/mongoc-config.h
config.status:1192: creating src/mongoc/mongoc-version.h
config.status:1364: executing libtool commands
config.status:1364: executing depfiles commands

## ---------------- ##
## Cache variables. ##
## ---------------- ##

ac_cv_build=x86_64-unknown-linux-gnu
ac_cv_c_compiler_gnu=yes
ac_cv_c_const=yes
ac_cv_c_inline=inline
ac_cv_c_typeof=typeof
ac_cv_cxx_compiler_gnu=yes
ac_cv_env_BSON_CFLAGS_set=
ac_cv_env_BSON_CFLAGS_value=
ac_cv_env_BSON_LIBS_set=
ac_cv_env_BSON_LIBS_value=
ac_cv_env_CCC_set=
ac_cv_env_CCC_value=
ac_cv_env_CC_set=
ac_cv_env_CC_value=
ac_cv_env_CFLAGS_set=
ac_cv_env_CFLAGS_value=
ac_cv_env_CPPFLAGS_set=
ac_cv_env_CPPFLAGS_value=
ac_cv_env_CPP_set=
ac_cv_env_CPP_value=
ac_cv_env_CXXCPP_set=
ac_cv_env_CXXCPP_value=
ac_cv_env_CXXFLAGS_set=
ac_cv_env_CXXFLAGS_value=
ac_cv_env_CXX_set=
ac_cv_env_CXX_value=
ac_cv_env_LDFLAGS_set=
ac_cv_env_LDFLAGS_value=
ac_cv_env_LIBS_set=
ac_cv_env_LIBS_value=
ac_cv_env_PKG_CONFIG_LIBDIR_set=
ac_cv_env_PKG_CONFIG_LIBDIR_value=
ac_cv_env_PKG_CONFIG_PATH_set=
ac_cv_env_PKG_CONFIG_PATH_value=
ac_cv_env_PKG_CONFIG_set=
ac_cv_env_PKG_CONFIG_value=
ac_cv_env_SASL_CFLAGS_set=
ac_cv_env_SASL_CFLAGS_value=
ac_cv_env_SASL_LIBS_set=
ac_cv_env_SASL_LIBS_value=
ac_cv_env_SSL_CFLAGS_set=
ac_cv_env_SSL_CFLAGS_value=
ac_cv_env_SSL_LIBS_set=
ac_cv_env_SSL_LIBS_value=
ac_cv_env_build_alias_set=
ac_cv_env_build_alias_value=
ac_cv_env_host_alias_set=
ac_cv_env_host_alias_value=
ac_cv_env_target_alias_set=
ac_cv_env_target_alias_value=
ac_cv_func_sched_getcpu=yes
ac_cv_func_shm_open=no
ac_cv_header_dlfcn_h=yes
ac_cv_header_inttypes_h=yes
ac_cv_header_memory_h=yes
ac_cv_header_openssl_bio_h=yes
ac_cv_header_openssl_crypto_h=yes
ac_cv_header_openssl_err_h=yes
ac_cv_header_openssl_ssl_h=yes
ac_cv_header_sasl_sasl_h=no
ac_cv_header_stdc=yes
ac_cv_header_stdint_h=yes
ac_cv_header_stdlib_h=yes
ac_cv_header_string_h=yes
ac_cv_header_strings_h=yes
ac_cv_header_sys_stat_h=yes
ac_cv_header_sys_types_h=yes
ac_cv_header_unistd_h=yes
ac_cv_host=x86_64-unknown-linux-gnu
ac_cv_lib_rt_shm_open=yes
ac_cv_lib_sasl2_sasl_client_init=no
ac_cv_lib_sasl_sasl_client_init=no
ac_cv_objext=o
ac_cv_path_EGREP='/bin/grep -E'
ac_cv_path_FGREP='/bin/grep -F'
ac_cv_path_GREP=/bin/grep
ac_cv_path_MV=/bin/mv
ac_cv_path_PERL=/usr/bin/perl
ac_cv_path_SED=/bin/sed
ac_cv_path_ac_pt_PKG_CONFIG=/usr/bin/pkg-config
ac_cv_path_install='/usr/bin/install -c'
ac_cv_path_mkdir=/bin/mkdir
ac_cv_prog_AWK=mawk
ac_cv_prog_CPP='gcc -E'
ac_cv_prog_CXXCPP='g++ -E'
ac_cv_prog_ac_ct_AR=ar
ac_cv_prog_ac_ct_CC=gcc
ac_cv_prog_ac_ct_CXX=g++
ac_cv_prog_ac_ct_DLLTOOL=dlltool
ac_cv_prog_ac_ct_MANIFEST_TOOL=mt
ac_cv_prog_ac_ct_OBJDUMP=objdump
ac_cv_prog_ac_ct_RANLIB=ranlib
ac_cv_prog_ac_ct_STRIP=strip
ac_cv_prog_cc_c89=
ac_cv_prog_cc_g=yes
ac_cv_prog_cxx_g=yes
ac_cv_prog_make_make_set=yes
ac_cv_search_clock_gettime='none required'
ac_cv_target=x86_64-unknown-linux-gnu
ac_cv_type_socklen_t=yes
am_cv_CC_dependencies_compiler_type=gcc3
am_cv_CXX_dependencies_compiler_type=gcc3
am_cv_make_support_nested_variables=yes
am_cv_prog_cc_c_o=yes
am_cv_prog_tar_ustar=gnutar
ax_cv_PTHREAD_PRIO_INHERIT=yes
ax_cv_check_ldflags__Werror___Wl__Bsymbolic=yes
lt_cv_ar_at_file=@
lt_cv_archive_cmds_need_lc=no
lt_cv_deplibs_check_method=pass_all
lt_cv_file_magic_cmd='$MAGIC_CMD'
lt_cv_file_magic_test_file=
lt_cv_ld_reload_flag=-r
lt_cv_nm_interface='BSD nm'
lt_cv_objdir=.libs
lt_cv_path_LD=/usr/bin/ld
lt_cv_path_LDCXX='/usr/bin/ld -m elf_x86_64'
lt_cv_path_NM='/usr/bin/nm -B'
lt_cv_path_mainfest_tool=no
lt_cv_prog_compiler_c_o=yes
lt_cv_prog_compiler_c_o_CXX=yes
lt_cv_prog_compiler_pic='-fPIC -DPIC'
lt_cv_prog_compiler_pic_CXX='-fPIC -DPIC'
lt_cv_prog_compiler_pic_works=yes
lt_cv_prog_compiler_pic_works_CXX=yes
lt_cv_prog_compiler_rtti_exceptions=no
lt_cv_prog_compiler_static_works=yes
lt_cv_prog_compiler_static_works_CXX=yes
lt_cv_prog_gnu_ld=yes
lt_cv_prog_gnu_ldcxx=yes
lt_cv_sharedlib_from_linklib_cmd='printf %s\n'
lt_cv_shlibpath_overrides_runpath=no
lt_cv_sys_global_symbol_pipe='sed -n -e '\''s/^.*[	 ]\([ABCDGIRSTW][ABCDGIRSTW]*\)[	 ][	 ]*\([_A-Za-z][_A-Za-z0-9]*\)$/\1 \2 \2/p'\'' | sed '\''/ __gnu_lto/d'\'''
lt_cv_sys_global_symbol_to_c_name_address='sed -n -e '\''s/^: \([^ ]*\)[ ]*$/  {\"\1\", (void *) 0},/p'\'' -e '\''s/^[ABCDGIRSTW]* \([^ ]*\) \([^ ]*\)$/  {"\2", (void *) \&\2},/p'\'''
lt_cv_sys_global_symbol_to_c_name_address_lib_prefix='sed -n -e '\''s/^: \([^ ]*\)[ ]*$/  {\"\1\", (void *) 0},/p'\'' -e '\''s/^[ABCDGIRSTW]* \([^ ]*\) \(lib[^ ]*\)$/  {"\2", (void *) \&\2},/p'\'' -e '\''s/^[ABCDGIRSTW]* \([^ ]*\) \([^ ]*\)$/  {"lib\2", (void *) \&\2},/p'\'''
lt_cv_sys_global_symbol_to_cdecl='sed -n -e '\''s/^T .* \(.*\)$/extern int \1();/p'\'' -e '\''s/^[ABCDGIRSTW]* .* \(.*\)$/extern char \1;/p'\'''
lt_cv_sys_max_cmd_len=1572864
lt_cv_to_host_file_cmd=func_convert_file_noop
lt_cv_to_tool_file_cmd=func_convert_file_noop
pkg_cv_BSON_CFLAGS=-I/usr/local/include/libbson-1.0
pkg_cv_BSON_LIBS='-L/usr/local/lib -lbson-1.0'
pkg_cv_SSL_CFLAGS=
pkg_cv_SSL_LIBS='-lssl -lcrypto'

## ----------------- ##
## Output variables. ##
## ----------------- ##

ACLOCAL='${SHELL} /home/pan/git/demo/extlib/mongo-c-driver-1.6.1/build/autotools/missing aclocal-1.14'
ACLOCAL_AMFLAGS='-I build/autotools'
AMDEPBACKSLASH='\'
AMDEP_FALSE='#'
AMDEP_TRUE=''
AMTAR='$${TAR-tar}'
AM_BACKSLASH='\'
AM_DEFAULT_V='$(AM_DEFAULT_VERBOSITY)'
AM_DEFAULT_VERBOSITY='0'
AM_V='$(V)'
AR='ar'
AS='as'
AUTOCONF='${SHELL} /home/pan/git/demo/extlib/mongo-c-driver-1.6.1/build/autotools/missing autoconf'
AUTOHEADER='${SHELL} /home/pan/git/demo/extlib/mongo-c-driver-1.6.1/build/autotools/missing autoheader'
AUTOMAKE='${SHELL} /home/pan/git/demo/extlib/mongo-c-driver-1.6.1/build/autotools/missing automake-1.14'
AWK='mawk'
BSON_CFLAGS='-I/usr/local/include/libbson-1.0'
BSON_LIBS='-L/usr/local/lib -lbson-1.0'
BSON_OS='1'
CC='gcc'
CCDEPMODE='depmode=gcc3'
CFLAGS=' -O2'
COMPILER_CLANG_FALSE=''
COMPILER_CLANG_TRUE='#'
COMPILER_GCC_FALSE=''
COMPILER_GCC_TRUE='#'
COVERAGE_CFLAGS=''
COVERAGE_LDFLAGS=''
CPP='gcc -E'
CPPFLAGS=' -DMONGOC_ENABLE_SHM_COUNTERS'
CXX='g++'
CXXCPP='g++ -E'
CXXDEPMODE='depmode=gcc3'
CXXFLAGS=''
CYGPATH_W='echo'
DEFS='-DPACKAGE_NAME=\"mongo-c-driver\" -DPACKAGE_TARNAME=\"mongo-c-driver\" -DPACKAGE_VERSION=\"1.6.1\" -DPACKAGE_STRING=\"mongo-c-driver\ 1.6.1\" -DPACKAGE_BUGREPORT=\"https://jira.mongodb.org/browse/CDRIVER\" -DPACKAGE_URL=\"\" -DHAVE_TYPEOF=1 -DSTDC_HEADERS=1 -DHAVE_SYS_TYPES_H=1 -DHAVE_SYS_STAT_H=1 -DHAVE_STDLIB_H=1 -DHAVE_STRING_H=1 -DHAVE_MEMORY_H=1 -DHAVE_STRINGS_H=1 -DHAVE_INTTYPES_H=1 -DHAVE_STDINT_H=1 -DHAVE_UNISTD_H=1 -DHAVE_STRINGS_H=1 -DHAVE_DLFCN_H=1 -DLT_OBJDIR=\".libs/\" -DHAVE_OPENSSL_BIO_H=1 -DHAVE_OPENSSL_SSL_H=1 -DHAVE_OPENSSL_ERR_H=1 -DHAVE_OPENSSL_CRYPTO_H=1 -DHAVE_SCHED_GETCPU=1 -DHAVE_CLOCK_GETTIME=1 -DHAVE_PTHREAD_PRIO_INHERIT=1 -DHAVE_PTHREAD=1 -DPACKAGE=\"mongo-c-driver\" -DVERSION=\"1.6.1\"'
DEPDIR='.deps'
DLLTOOL='dlltool'
DSYMUTIL=''
DUMPBIN=''
ECHO_C=''
ECHO_N='-n'
ECHO_T=''
EGREP='/bin/grep -E'
ENABLE_CRYPTO_CNG_FALSE=''
ENABLE_CRYPTO_CNG_TRUE='#'
ENABLE_CRYPTO_COMMON_CRYPTO_FALSE=''
ENABLE_CRYPTO_COMMON_CRYPTO_TRUE='#'
ENABLE_CRYPTO_FALSE='#'
ENABLE_CRYPTO_LIBCRYPTO_FALSE='#'
ENABLE_CRYPTO_LIBCRYPTO_TRUE=''
ENABLE_CRYPTO_TRUE=''
ENABLE_DEBUG_FALSE=''
ENABLE_DEBUG_TRUE='#'
ENABLE_EXAMPLES_FALSE='#'
ENABLE_EXAMPLES_TRUE=''
ENABLE_HTML_DOCS_FALSE=''
ENABLE_HTML_DOCS_TRUE='#'
ENABLE_LIBBSON_FALSE=''
ENABLE_LIBBSON_TRUE='#'
ENABLE_MAN_PAGES_FALSE=''
ENABLE_MAN_PAGES_TRUE='#'
ENABLE_PTHREADS_FALSE=''
ENABLE_PTHREADS_TRUE='#'
ENABLE_SASL_FALSE=''
ENABLE_SASL_TRUE='#'
ENABLE_SSL_FALSE='#'
ENABLE_SSL_LIBRESSL_FALSE=''
ENABLE_SSL_LIBRESSL_TRUE='#'
ENABLE_SSL_OPENSSL_FALSE='#'
ENABLE_SSL_OPENSSL_TRUE=''
ENABLE_SSL_SECURE_CHANNEL_FALSE=''
ENABLE_SSL_SECURE_CHANNEL_TRUE='#'
ENABLE_SSL_SECURE_TRANSPORT_FALSE=''
ENABLE_SSL_SECURE_TRANSPORT_TRUE='#'
ENABLE_SSL_TRUE=''
ENABLE_STDBOOL_FALSE=''
ENABLE_STDBOOL_TRUE='#'
ENABLE_TESTS_FALSE='#'
ENABLE_TESTS_TRUE=''
EXEEXT=''
EXPLICIT_LIBS_FALSE='#'
EXPLICIT_LIBS_TRUE=''
FGREP='/bin/grep -F'
GREP='/bin/grep'
INSTALL_DATA='${INSTALL} -m 644'
INSTALL_PROGRAM='${INSTALL}'
INSTALL_SCRIPT='${INSTALL}'
INSTALL_STRIP_PROGRAM='$(install_sh) -c -s'
LD='/usr/bin/ld -m elf_x86_64'
LDFLAGS=''
LIBC_FEATURES='-D_GNU_SOURCE'
LIBOBJS=''
LIBS=''
LIBTOOL='$(SHELL) $(top_builddir)/libtool'
LIPO=''
LN_S='ln -s'
LTLIBOBJS=''
MAINTAINER_CFLAGS=''
MAKEINFO='${SHELL} /home/pan/git/demo/extlib/mongo-c-driver-1.6.1/build/autotools/missing makeinfo'
MANIFEST_TOOL=':'
MKDIR_P='/bin/mkdir -p'
MONGOC_API_VERSION='1.0'
MONGOC_CC='gcc'
MONGOC_ENABLE_CRYPTO='1'
MONGOC_ENABLE_CRYPTO_CNG='0'
MONGOC_ENABLE_CRYPTO_COMMON_CRYPTO='0'
MONGOC_ENABLE_CRYPTO_LIBCRYPTO='1'
MONGOC_ENABLE_CRYPTO_SYSTEM_PROFILE='0'
MONGOC_ENABLE_SASL='0'
MONGOC_ENABLE_SASL_CYRUS='0'
MONGOC_ENABLE_SASL_SSPI='0'
MONGOC_ENABLE_SSL='1'
MONGOC_ENABLE_SSL_LIBRESSL='0'
MONGOC_ENABLE_SSL_OPENSSL='1'
MONGOC_ENABLE_SSL_SECURE_CHANNEL='0'
MONGOC_ENABLE_SSL_SECURE_TRANSPORT='0'
MONGOC_HAVE_SASL_CLIENT_DONE='0'
MONGOC_HAVE_SOCKLEN='1'
MONGOC_HAVE_WEAK_SYMBOLS='1'
MONGOC_MAJOR_VERSION='1'
MONGOC_MICRO_VERSION='1'
MONGOC_MINOR_VERSION='6'
MONGOC_NO_AUTOMATIC_GLOBALS='0'
MONGOC_PRERELEASE_VERSION=''
MONGOC_RELEASED_MAJOR_VERSION='1'
MONGOC_RELEASED_MICRO_VERSION='1'
MONGOC_RELEASED_MINOR_VERSION='6'
MONGOC_RELEASED_PRERELEASE_VERSION=''
MONGOC_RELEASED_VERSION='1.6.1'
MONGOC_USER_SET_CFLAGS=''
MONGOC_USER_SET_LDFLAGS=''
MONGOC_VERSION='1.6.1'
MV='/bin/mv'
NM='/usr/bin/nm -B'
NMEDIT=''
OBJDUMP='objdump'
OBJEXT='o'
OPTIMIZE_CFLAGS=''
OPTIMIZE_LDFLAGS=' -Wl,-Bsymbolic'
OS_DARWIN_FALSE=''
OS_DARWIN_TRUE='#'
OS_FREEBSD_FALSE=''
OS_FREEBSD_TRUE='#'
OS_GNU_FALSE='#'
OS_GNU_TRUE=''
OS_LINUX_FALSE='#'
OS_LINUX_TRUE=''
OS_SOLARIS_FALSE=''
OS_SOLARIS_TRUE='#'
OS_UNIX_FALSE='#'
OS_UNIX_TRUE=''
OS_WIN32_FALSE=''
OS_WIN32_TRUE='#'
OTOOL64=''
OTOOL=''
PACKAGE='mongo-c-driver'
PACKAGE_BUGREPORT='https://jira.mongodb.org/browse/CDRIVER'
PACKAGE_NAME='mongo-c-driver'
PACKAGE_STRING='mongo-c-driver 1.6.1'
PACKAGE_TARNAME='mongo-c-driver'
PACKAGE_URL=''
PACKAGE_VERSION='1.6.1'
PATH_SEPARATOR=':'
PERL='/usr/bin/perl'
PKG_CONFIG='/usr/bin/pkg-config'
PKG_CONFIG_LIBDIR=''
PKG_CONFIG_PATH=''
PTHREAD_CC='gcc'
PTHREAD_CFLAGS='-pthread'
PTHREAD_LIBS=''
RANLIB='ranlib'
SASL_CFLAGS=''
SASL_LIBS=''
SED='/bin/sed'
SET_MAKE=''
SHELL='/bin/bash'
SHM_LIB='-lrt'
SPHINX_BUILD=''
SSL_CFLAGS=''
SSL_LIBS='-lssl -lcrypto'
STRIP='strip'
VERSION='1.6.1'
WITH_LIBBSON_FALSE=''
WITH_LIBBSON_TRUE='#'
ac_ct_AR='ar'
ac_ct_CC='gcc'
ac_ct_CXX='g++'
ac_ct_DUMPBIN=''
am__EXEEXT_FALSE=''
am__EXEEXT_TRUE='#'
am__fastdepCC_FALSE='#'
am__fastdepCC_TRUE=''
am__fastdepCXX_FALSE='#'
am__fastdepCXX_TRUE=''
am__include='include'
am__isrc=''
am__leading_dot='.'
am__nodep='_no'
am__quote=''
am__tar='tar --format=ustar -chf - "$$tardir"'
am__untar='tar -xf -'
ax_pthread_config=''
bindir='${exec_prefix}/bin'
build='x86_64-unknown-linux-gnu'
build_alias=''
build_cpu='x86_64'
build_os='linux-gnu'
build_vendor='unknown'
datadir='${datarootdir}'
datarootdir='${prefix}/share'
docdir='${datarootdir}/doc/${PACKAGE_TARNAME}'
dvidir='${docdir}'
exec_prefix='${prefix}'
host='x86_64-unknown-linux-gnu'
host_alias=''
host_cpu='x86_64'
host_os='linux-gnu'
host_vendor='unknown'
htmldir='${docdir}'
includedir='${prefix}/include'
infodir='${datarootdir}/info'
install_sh='${SHELL} /home/pan/git/demo/extlib/mongo-c-driver-1.6.1/build/autotools/install-sh'
libdir='${exec_prefix}/lib'
libexecdir='${exec_prefix}/libexec'
localedir='${datarootdir}/locale'
localstatedir='${prefix}/var'
mandir='${datarootdir}/man'
mkdir_p='$(MKDIR_P)'
oldincludedir='/usr/include'
pdfdir='${docdir}'
prefix='/usr/local'
program_transform_name='s,x,x,'
psdir='${docdir}'
sbindir='${exec_prefix}/sbin'
sharedstatedir='${prefix}/com'
subdirs=''
sysconfdir='${prefix}/etc'
target='x86_64-unknown-linux-gnu'
target_alias=''
target_cpu='x86_64'
target_os='linux-gnu'
target_vendor='unknown'

## ----------- ##
## confdefs.h. ##
## ----------- ##

/* confdefs.h */
#define PACKAGE_NAME "mongo-c-driver"
#define PACKAGE_TARNAME "mongo-c-driver"
#define PACKAGE_VERSION "1.6.1"
#define PACKAGE_STRING "mongo-c-driver 1.6.1"
#define PACKAGE_BUGREPORT "https://jira.mongodb.org/browse/CDRIVER"
#define PACKAGE_URL ""
#define HAVE_TYPEOF 1
#define STDC_HEADERS 1
#define HAVE_SYS_TYPES_H 1
#define HAVE_SYS_STAT_H 1
#define HAVE_STDLIB_H 1
#define HAVE_STRING_H 1
#define HAVE_MEMORY_H 1
#define HAVE_STRINGS_H 1
#define HAVE_INTTYPES_H 1
#define HAVE_STDINT_H 1
#define HAVE_UNISTD_H 1
#define HAVE_STRINGS_H 1
#define HAVE_DLFCN_H 1
#define LT_OBJDIR ".libs/"
#define HAVE_OPENSSL_BIO_H 1
#define HAVE_OPENSSL_SSL_H 1
#define HAVE_OPENSSL_ERR_H 1
#define HAVE_OPENSSL_CRYPTO_H 1
#define HAVE_SCHED_GETCPU 1
#define HAVE_CLOCK_GETTIME 1
#define HAVE_PTHREAD_PRIO_INHERIT 1
#define HAVE_PTHREAD 1
#define PACKAGE "mongo-c-driver"
#define VERSION "1.6.1"

configure: exit 0
